Using pre-set license
Built from '6000.0/release' branch; Version is '6000.0.29f1 (9fafe5c9db65) revision 10465253'; Using compiler version '193933523'; Build Type 'Release'
OS: 'Windows 11  (10.0.26100) 64bit CoreSingleLanguage' Language: 'en' Physical Memory: 24260 MB
BatchMode: 1, IsHumanControllingUs: 0, StartBugReporterOnCrash: 0, Is64bit: 1, IsPro: 1

COMMAND LINE ARGUMENTS:
C:\Program Files\Unity\Hub\Editor\6000.0.29f1\Editor\Unity.exe
-adb2
-batchMode
-noUpm
-name
AssetImportWorker1
-projectPath
D:/Unity Project/Bubble
-logFile
Logs/AssetImportWorker1.log
-srvPort
64354
-job-worker-count
7
-background-job-worker-count
8
-asset-garbage-collectors
1
Successfully changed project path to: D:/Unity Project/Bubble
D:/Unity Project/Bubble
[UnityMemory] Configuration Parameters - Can be set up in boot.config
    "memorysetup-bucket-allocator-granularity=16"
    "memorysetup-bucket-allocator-bucket-count=8"
    "memorysetup-bucket-allocator-block-size=33554432"
    "memorysetup-bucket-allocator-block-count=8"
    "memorysetup-main-allocator-block-size=16777216"
    "memorysetup-thread-allocator-block-size=16777216"
    "memorysetup-gfx-main-allocator-block-size=16777216"
    "memorysetup-gfx-thread-allocator-block-size=16777216"
    "memorysetup-cache-allocator-block-size=4194304"
    "memorysetup-typetree-allocator-block-size=2097152"
    "memorysetup-profiler-bucket-allocator-granularity=16"
    "memorysetup-profiler-bucket-allocator-bucket-count=8"
    "memorysetup-profiler-bucket-allocator-block-size=33554432"
    "memorysetup-profiler-bucket-allocator-block-count=8"
    "memorysetup-profiler-allocator-block-size=16777216"
    "memorysetup-profiler-editor-allocator-block-size=1048576"
    "memorysetup-temp-allocator-size-main=16777216"
    "memorysetup-job-temp-allocator-block-size=2097152"
    "memorysetup-job-temp-allocator-block-size-background=1048576"
    "memorysetup-job-temp-allocator-reduction-small-platforms=262144"
    "memorysetup-allocator-temp-initial-block-size-main=262144"
    "memorysetup-allocator-temp-initial-block-size-worker=262144"
    "memorysetup-temp-allocator-size-background-worker=32768"
    "memorysetup-temp-allocator-size-job-worker=262144"
    "memorysetup-temp-allocator-size-preload-manager=33554432"
    "memorysetup-temp-allocator-size-nav-mesh-worker=65536"
    "memorysetup-temp-allocator-size-audio-worker=65536"
    "memorysetup-temp-allocator-size-cloud-worker=32768"
    "memorysetup-temp-allocator-size-gi-baking-worker=262144"
    "memorysetup-temp-allocator-size-gi-baking-worker=262144"
    "memorysetup-temp-allocator-size-gi-baking-worker=262144"
    "memorysetup-temp-allocator-size-gi-baking-worker=262144"
    "memorysetup-temp-allocator-size-gi-baking-worker=262144"
    "memorysetup-temp-allocator-size-gfx=262144"
Player connection [708]  Target information:

Player connection [708]  * "[IP] 192.168.49.1 [Port] 0 [Flags] 2 [Guid] 2465569764 [EditorId] 2465569764 [Version] 1048832 [Id] WindowsEditor(7,LAPTOP-G4O369HV) [Debug] 1 [PackageName] WindowsEditor [ProjectName] Editor" 

Player connection [708]  * "[IP] 192.168.32.1 [Port] 0 [Flags] 2 [Guid] 2465569764 [EditorId] 2465569764 [Version] 1048832 [Id] WindowsEditor(7,LAPTOP-G4O369HV) [Debug] 1 [PackageName] WindowsEditor [ProjectName] Editor" 

Player connection [708]  * "[IP] 192.168.1.10 [Port] 0 [Flags] 2 [Guid] 2465569764 [EditorId] 2465569764 [Version] 1048832 [Id] WindowsEditor(7,LAPTOP-G4O369HV) [Debug] 1 [PackageName] WindowsEditor [ProjectName] Editor" 

Player connection [708] Host joined multi-casting on [225.0.0.222:54997]...
Player connection [708] Host joined alternative multi-casting on [225.0.0.222:34997]...
JobSystem: Creating JobQueue using job-worker-count value 7
[Physics::Module] Initialized fallback backend.
[Physics::Module] Id: 0xdecafbad
Library Redirect Path: Library/
[Physics::Module] Selected backend.
[Physics::Module] Name: PhysX
[Physics::Module] Id: 0xf2b8ea05
[Physics::Module] SDK Version: 4.1.2
[Physics::Module] Integration Version: 1.0.0
[Physics::Module] Threading Mode: Multi-Threaded
Refreshing native plugins compatible for Editor in 8.68 ms, found 4 plugins.
Preloading 0 native plugins for Editor in 0.00 ms.
Initialize engine version: 6000.0.29f1 (9fafe5c9db65)
[Subsystems] Discovering subsystems at path C:/Program Files/Unity/Hub/Editor/6000.0.29f1/Editor/Data/Resources/UnitySubsystems
[Subsystems] Discovering subsystems at path D:/Unity Project/Bubble/Assets
GfxDevice: creating device client; kGfxThreadingModeNonThreaded
Direct3D:
    Version:  Direct3D 11.0 [level 11.1]
    Renderer: NVIDIA GeForce RTX 4060 Laptop GPU (ID=0x28e0)
    Vendor:   NVIDIA
    VRAM:     7957 MB
    Driver:   32.0.15.6103
Initialize mono
Mono path[0] = 'C:/Program Files/Unity/Hub/Editor/6000.0.29f1/Editor/Data/Managed'
Mono path[1] = 'C:/Program Files/Unity/Hub/Editor/6000.0.29f1/Editor/Data/MonoBleedingEdge/lib/mono/unityjit-win32'
Mono config path = 'C:/Program Files/Unity/Hub/Editor/6000.0.29f1/Editor/Data/MonoBleedingEdge/etc'
Using monoOptions --debugger-agent=transport=dt_socket,embedding=1,server=y,suspend=n,address=127.0.0.1:56560
Begin MonoManager ReloadAssembly
Registering precompiled unity dll's ...
Register platform support module: C:/Program Files/Unity/Hub/Editor/6000.0.29f1/Editor/Data/PlaybackEngines/WindowsStandaloneSupport/UnityEditor.WindowsStandalone.Extensions.dll
Register platform support module: C:/Program Files/Unity/Hub/Editor/6000.0.29f1/Editor/Data/PlaybackEngines/AndroidPlayer/UnityEditor.Android.Extensions.dll
Register platform support module: C:/Program Files/Unity/Hub/Editor/6000.0.29f1/Editor/Data/PlaybackEngines/iOSSupport/UnityEditor.iOS.Extensions.dll
Registered in 0.012116 seconds.
- Loaded All Assemblies, in  0.729 seconds
[usbmuxd] Start listen thread
[usbmuxd] Listen thread started
Native extension for iOS target not found
Native extension for Android target not found
Android Extension - Scanning For ADB Devices 493 ms
Native extension for WindowsStandalone target not found
Mono: successfully reloaded assembly
- Finished resetting the current domain, in  1.233 seconds
Domain Reload Profiling: 1954ms
	BeginReloadAssembly (231ms)
		ExecutionOrderSort (0ms)
		DisableScriptedObjects (0ms)
		BackupInstance (0ms)
		ReleaseScriptingObjects (0ms)
		CreateAndSetChildDomain (1ms)
	RebuildCommonClasses (74ms)
	RebuildNativeTypeToScriptingClass (28ms)
	initialDomainReloadingComplete (92ms)
	LoadAllAssembliesAndSetupDomain (295ms)
		LoadAssemblies (227ms)
		RebuildTransferFunctionScriptingTraits (0ms)
		AnalyzeDomain (285ms)
			TypeCache.Refresh (282ms)
				TypeCache.ScanAssembly (257ms)
			BuildScriptInfoCaches (0ms)
			ResolveRequiredComponents (1ms)
	FinalizeReload (1234ms)
		ReleaseScriptCaches (0ms)
		RebuildScriptCaches (0ms)
		SetupLoadedEditorAssemblies (1159ms)
			LogAssemblyErrors (0ms)
			InitializePlatformSupportModulesInManaged (681ms)
			SetLoadedEditorAssemblies (7ms)
			BeforeProcessingInitializeOnLoad (11ms)
			ProcessInitializeOnLoadAttributes (298ms)
			ProcessInitializeOnLoadMethodAttributes (155ms)
			AfterProcessingInitializeOnLoad (6ms)
			EditorAssembliesLoaded (0ms)
		ExecutionOrderSort2 (0ms)
		AwakeInstancesAfterBackupRestoration (0ms)
========================================================================
Worker process is ready to serve import requests
Import Worker Mode flag is 0x00
Begin MonoManager ReloadAssembly
- Loaded All Assemblies, in  1.429 seconds
Refreshing native plugins compatible for Editor in 2.28 ms, found 4 plugins.
Native extension for iOS target not found
Native extension for Android target not found
Native extension for WindowsStandalone target not found
Mono: successfully reloaded assembly
- Finished resetting the current domain, in  1.424 seconds
Domain Reload Profiling: 2845ms
	BeginReloadAssembly (288ms)
		ExecutionOrderSort (0ms)
		DisableScriptedObjects (11ms)
		BackupInstance (0ms)
		ReleaseScriptingObjects (0ms)
		CreateAndSetChildDomain (49ms)
	RebuildCommonClasses (65ms)
	RebuildNativeTypeToScriptingClass (19ms)
	initialDomainReloadingComplete (68ms)
	LoadAllAssembliesAndSetupDomain (982ms)
		LoadAssemblies (659ms)
		RebuildTransferFunctionScriptingTraits (0ms)
		AnalyzeDomain (500ms)
			TypeCache.Refresh (368ms)
				TypeCache.ScanAssembly (333ms)
			BuildScriptInfoCaches (109ms)
			ResolveRequiredComponents (18ms)
	FinalizeReload (1424ms)
		ReleaseScriptCaches (0ms)
		RebuildScriptCaches (0ms)
		SetupLoadedEditorAssemblies (1164ms)
			LogAssemblyErrors (0ms)
			InitializePlatformSupportModulesInManaged (25ms)
			SetLoadedEditorAssemblies (13ms)
			BeforeProcessingInitializeOnLoad (107ms)
			ProcessInitializeOnLoadAttributes (822ms)
			ProcessInitializeOnLoadMethodAttributes (183ms)
			AfterProcessingInitializeOnLoad (13ms)
			EditorAssembliesLoaded (0ms)
		ExecutionOrderSort2 (0ms)
		AwakeInstancesAfterBackupRestoration (9ms)
Launched and connected shader compiler UnityShaderCompiler.exe after 0.03 seconds
Refreshing native plugins compatible for Editor in 3.09 ms, found 4 plugins.
Preloading 0 native plugins for Editor in 0.00 ms.
Unloading 219 Unused Serialized files (Serialized files now loaded: 0)
Unloading 6669 unused Assets / (7.9 MB). Loaded Objects now: 7365.
Memory consumption went from 176.6 MB to 168.6 MB.
Total: 25.693200 ms (FindLiveObjects: 1.701700 ms CreateObjectMapping: 2.202600 ms MarkObjects: 10.716100 ms  DeleteObjects: 11.069300 ms)

========================================================================
Received Import Request.
  Time since last request: 91854.551384 seconds.
  path: Assets/Bubbles/Greyscale/16x16/bubble_1_grayscale.png
  artifactKey: Guid(a7f9c9290172b6246b07935fe6c907a1) Importer(815301076,1909f56bfc062723c751e8b465ee728b)
Start importing Assets/Bubbles/Greyscale/16x16/bubble_1_grayscale.png using Guid(a7f9c9290172b6246b07935fe6c907a1) Importer(815301076,1909f56bfc062723c751e8b465ee728b) (PreviewImporter) -> (artifact id: '06ea072f1b392375ce2d4f726041ee27') in 0.2487278 seconds
Number of updated asset objects reloaded before import = 0Number of asset objects unloaded after import = 3

========================================================================
Received Import Request.
  Time since last request: 0.000030 seconds.
  path: Assets/Alphabets_Pack/Alphabets_Pack/Combined/Pink_Color/B.png
  artifactKey: Guid(976bd3c4ad51e9640844e36824b9aaf1) Importer(815301076,1909f56bfc062723c751e8b465ee728b)
Start importing Assets/Alphabets_Pack/Alphabets_Pack/Combined/Pink_Color/B.png using Guid(976bd3c4ad51e9640844e36824b9aaf1) Importer(815301076,1909f56bfc062723c751e8b465ee728b) (PreviewImporter) -> (artifact id: '62f3914b38b1418f7fcd1729bdd66a04') in 0.0418049 seconds
Number of updated asset objects reloaded before import = 0Number of asset objects unloaded after import = 3

========================================================================
Received Import Request.
  Time since last request: 0.000045 seconds.
  path: Assets/Bubbles/Greyscale/32x32/bubble_1_grayscale.png
  artifactKey: Guid(b27885e34cc287e4293fe04c84a1dd81) Importer(815301076,1909f56bfc062723c751e8b465ee728b)
Start importing Assets/Bubbles/Greyscale/32x32/bubble_1_grayscale.png using Guid(b27885e34cc287e4293fe04c84a1dd81) Importer(815301076,1909f56bfc062723c751e8b465ee728b) (PreviewImporter) -> (artifact id: '04037ac178e4bfd3beeeb13c6effbc5e') in 0.0468108 seconds
Number of updated asset objects reloaded before import = 0Number of asset objects unloaded after import = 3

========================================================================
Received Import Request.
  Time since last request: 17.281778 seconds.
  path: Assets/TextMesh Pro/Examples & Extras/Resources/Color Gradient Presets/Dark to Light Green - Vertical.asset
  artifactKey: Guid(4c86a3366cd840348ebe8dc438570ee4) Importer(815301076,1909f56bfc062723c751e8b465ee728b)
Start importing Assets/TextMesh Pro/Examples & Extras/Resources/Color Gradient Presets/Dark to Light Green - Vertical.asset using Guid(4c86a3366cd840348ebe8dc438570ee4) Importer(815301076,1909f56bfc062723c751e8b465ee728b) (PreviewImporter) -> (artifact id: '4a2370cfc08d6ed0623cb10beca62655') in 0.0022005 seconds
Number of updated asset objects reloaded before import = 0Number of asset objects unloaded after import = 1

========================================================================
Received Import Request.
  Time since last request: 0.000029 seconds.
  path: Assets/TextMesh Pro/Examples & Extras/Resources/Fonts & Materials/LiberationSans SDF - Metalic Green.mat
  artifactKey: Guid(8b29aaa3eec7468097ff07adfcf29ac9) Importer(815301076,1909f56bfc062723c751e8b465ee728b)
Start importing Assets/TextMesh Pro/Examples & Extras/Resources/Fonts & Materials/LiberationSans SDF - Metalic Green.mat using Guid(8b29aaa3eec7468097ff07adfcf29ac9) Importer(815301076,1909f56bfc062723c751e8b465ee728b) (PreviewImporter) -> (artifact id: 'bb0762b909c27550dfa5929f559d78eb') in 0.6925746 seconds
Number of updated asset objects reloaded before import = 0Number of asset objects unloaded after import = 4

========================================================================
Received Import Request.
  Time since last request: 40.021326 seconds.
  path: Assets/Bubbles/Coloured/128x128/bubble_4.png
  artifactKey: Guid(3d27fb41652401e49b1f16f28f26a08e) Importer(815301076,1909f56bfc062723c751e8b465ee728b)
Start importing Assets/Bubbles/Coloured/128x128/bubble_4.png using Guid(3d27fb41652401e49b1f16f28f26a08e) Importer(815301076,1909f56bfc062723c751e8b465ee728b) (PreviewImporter) -> (artifact id: 'dedbcb9f981e0453396b23d60f1dad55') in 0.0336406 seconds
Number of updated asset objects reloaded before import = 0Number of asset objects unloaded after import = 3

========================================================================
Received Import Request.
  Time since last request: 0.223772 seconds.
  path: Assets/Bubbles/Greyscale/32x32/bubble_4_grayscale.png
  artifactKey: Guid(f734b9b3b16796e46903f7484adbb5a1) Importer(815301076,1909f56bfc062723c751e8b465ee728b)
Start importing Assets/Bubbles/Greyscale/32x32/bubble_4_grayscale.png using Guid(f734b9b3b16796e46903f7484adbb5a1) Importer(815301076,1909f56bfc062723c751e8b465ee728b) (PreviewImporter) -> (artifact id: '23cc2be8cf1c17c54c8f64385d4e2fd2') in 0.0232855 seconds
Number of updated asset objects reloaded before import = 0Number of asset objects unloaded after import = 3

========================================================================
Received Import Request.
  Time since last request: 0.009010 seconds.
  path: Assets/Bubbles/Greyscale/64x64/bubble_5.png
  artifactKey: Guid(69261cc106f7f024e810b4d0e0b628f0) Importer(815301076,1909f56bfc062723c751e8b465ee728b)
Start importing Assets/Bubbles/Greyscale/64x64/bubble_5.png using Guid(69261cc106f7f024e810b4d0e0b628f0) Importer(815301076,1909f56bfc062723c751e8b465ee728b) (PreviewImporter) -> (artifact id: 'b6c489b713f1e16604a0ab59254f4290') in 0.0195586 seconds
Number of updated asset objects reloaded before import = 0Number of asset objects unloaded after import = 3

========================================================================
Received Import Request.
  Time since last request: 0.000032 seconds.
  path: Assets/Bubbles/Coloured/128x128/bubble_5.png
  artifactKey: Guid(a9817067e09842547b9a9608099f728e) Importer(815301076,1909f56bfc062723c751e8b465ee728b)
Start importing Assets/Bubbles/Coloured/128x128/bubble_5.png using Guid(a9817067e09842547b9a9608099f728e) Importer(815301076,1909f56bfc062723c751e8b465ee728b) (PreviewImporter) -> (artifact id: '0026a3e1ab9e9277a17e45cf10e796e9') in 0.0254176 seconds
Number of updated asset objects reloaded before import = 0Number of asset objects unloaded after import = 3

========================================================================
Received Import Request.
  Time since last request: 0.186425 seconds.
  path: Assets/Bubbles/Greyscale/256x256/bubble_5_grayscale.png
  artifactKey: Guid(9b9ac511f41a6c0448cea9b46a816eb7) Importer(815301076,1909f56bfc062723c751e8b465ee728b)
Start importing Assets/Bubbles/Greyscale/256x256/bubble_5_grayscale.png using Guid(9b9ac511f41a6c0448cea9b46a816eb7) Importer(815301076,1909f56bfc062723c751e8b465ee728b) (PreviewImporter) -> (artifact id: '49ea11aa821f10757b0d041fa4eafd8f') in 0.0277347 seconds
Number of updated asset objects reloaded before import = 0Number of asset objects unloaded after import = 3

========================================================================
Received Import Request.
  Time since last request: 0.000042 seconds.
  path: Assets/Bubbles/Greyscale/512x512/bubble_6.png
  artifactKey: Guid(2bae07363cc0d904ebfdb4ac5b95a9f2) Importer(815301076,1909f56bfc062723c751e8b465ee728b)
Start importing Assets/Bubbles/Greyscale/512x512/bubble_6.png using Guid(2bae07363cc0d904ebfdb4ac5b95a9f2) Importer(815301076,1909f56bfc062723c751e8b465ee728b) (PreviewImporter) -> (artifact id: 'fdd91c5b226e036c1440831cb2f68929') in 0.0219118 seconds
Number of updated asset objects reloaded before import = 0Number of asset objects unloaded after import = 3

========================================================================
Received Import Request.
  Time since last request: 0.000043 seconds.
  path: Assets/Bubbles/Greyscale/256x256/bubble_6.png
  artifactKey: Guid(38204e5810789a045a365cd138cb4b45) Importer(815301076,1909f56bfc062723c751e8b465ee728b)
Start importing Assets/Bubbles/Greyscale/256x256/bubble_6.png using Guid(38204e5810789a045a365cd138cb4b45) Importer(815301076,1909f56bfc062723c751e8b465ee728b) (PreviewImporter) -> (artifact id: '2e9247a3b1cec41e748f22873f99a519') in 0.0249127 seconds
Number of updated asset objects reloaded before import = 0Number of asset objects unloaded after import = 3

========================================================================
Received Import Request.
  Time since last request: 0.162397 seconds.
  path: Assets/Bubbles/Greyscale/64x64/bubble_6_grayscale.png
  artifactKey: Guid(fef1ee658992a8944b1ddf8ea9b58299) Importer(815301076,1909f56bfc062723c751e8b465ee728b)
Start importing Assets/Bubbles/Greyscale/64x64/bubble_6_grayscale.png using Guid(fef1ee658992a8944b1ddf8ea9b58299) Importer(815301076,1909f56bfc062723c751e8b465ee728b) (PreviewImporter) -> (artifact id: '6d0a6f25f33133da5efe7ddf73232129') in 0.0210951 seconds
Number of updated asset objects reloaded before import = 0Number of asset objects unloaded after import = 3

========================================================================
Received Import Request.
  Time since last request: 0.003603 seconds.
  path: Assets/Bubbles/Coloured/512x512/bubble_7.png
  artifactKey: Guid(07a4de8ff032d2941bf98534cbef8e21) Importer(815301076,1909f56bfc062723c751e8b465ee728b)
Start importing Assets/Bubbles/Coloured/512x512/bubble_7.png using Guid(07a4de8ff032d2941bf98534cbef8e21) Importer(815301076,1909f56bfc062723c751e8b465ee728b) (PreviewImporter) -> (artifact id: '955cee67818cb3a6828cfbc722980a26') in 0.0250899 seconds
Number of updated asset objects reloaded before import = 0Number of asset objects unloaded after import = 3

========================================================================
Received Import Request.
  Time since last request: 0.000036 seconds.
  path: Assets/Bubbles/Greyscale/64x64/bubble_7.png
  artifactKey: Guid(67301778fa45c564d8d8a209bac06fd5) Importer(815301076,1909f56bfc062723c751e8b465ee728b)
Start importing Assets/Bubbles/Greyscale/64x64/bubble_7.png using Guid(67301778fa45c564d8d8a209bac06fd5) Importer(815301076,1909f56bfc062723c751e8b465ee728b) (PreviewImporter) -> (artifact id: 'b5c3ee5de1c99b623ec53aa7beb8e4e7') in 0.0264982 seconds
Number of updated asset objects reloaded before import = 0Number of asset objects unloaded after import = 3

========================================================================
Received Import Request.
  Time since last request: 0.178547 seconds.
  path: Assets/Bubbles/Greyscale/32x32/bubble_7_grayscale.png
  artifactKey: Guid(c8546faa3b675e24889ad50465f9ef0c) Importer(815301076,1909f56bfc062723c751e8b465ee728b)
Start importing Assets/Bubbles/Greyscale/32x32/bubble_7_grayscale.png using Guid(c8546faa3b675e24889ad50465f9ef0c) Importer(815301076,1909f56bfc062723c751e8b465ee728b) (PreviewImporter) -> (artifact id: 'ab928bc42c5ca097b42d627cdf2e0a1d') in 0.0260955 seconds
Number of updated asset objects reloaded before import = 0Number of asset objects unloaded after import = 3

Editor requested this worker to shutdown with reason: Scaling down because of idle timeout
AssetImportWorker is now disconnected from the server
Process exiting
Exiting without the bug reporter. Application will terminate with return code 0