Using pre-set license
Built from '6000.0/release' branch; Version is '6000.0.29f1 (9fafe5c9db65) revision 10465253'; Using compiler version '193933523'; Build Type 'Release'
OS: 'Windows 11  (10.0.26100) 64bit CoreSingleLanguage' Language: 'en' Physical Memory: 24260 MB
BatchMode: 1, IsHumanControllingUs: 0, StartBugReporterOnCrash: 0, Is64bit: 1, IsPro: 1

COMMAND LINE ARGUMENTS:
C:\Program Files\Unity\Hub\Editor\6000.0.29f1\Editor\Unity.exe
-adb2
-batchMode
-noUpm
-name
AssetImportWorker2
-projectPath
D:/Unity Project/Bubble
-logFile
Logs/AssetImportWorker2.log
-srvPort
64354
-job-worker-count
7
-background-job-worker-count
8
-asset-garbage-collectors
1
Successfully changed project path to: D:/Unity Project/Bubble
D:/Unity Project/Bubble
[UnityMemory] Configuration Parameters - Can be set up in boot.config
    "memorysetup-bucket-allocator-granularity=16"
    "memorysetup-bucket-allocator-bucket-count=8"
    "memorysetup-bucket-allocator-block-size=33554432"
    "memorysetup-bucket-allocator-block-count=8"
    "memorysetup-main-allocator-block-size=16777216"
    "memorysetup-thread-allocator-block-size=16777216"
    "memorysetup-gfx-main-allocator-block-size=16777216"
    "memorysetup-gfx-thread-allocator-block-size=16777216"
    "memorysetup-cache-allocator-block-size=4194304"
    "memorysetup-typetree-allocator-block-size=2097152"
    "memorysetup-profiler-bucket-allocator-granularity=16"
    "memorysetup-profiler-bucket-allocator-bucket-count=8"
    "memorysetup-profiler-bucket-allocator-block-size=33554432"
    "memorysetup-profiler-bucket-allocator-block-count=8"
    "memorysetup-profiler-allocator-block-size=16777216"
    "memorysetup-profiler-editor-allocator-block-size=1048576"
    "memorysetup-temp-allocator-size-main=16777216"
    "memorysetup-job-temp-allocator-block-size=2097152"
    "memorysetup-job-temp-allocator-block-size-background=1048576"
    "memorysetup-job-temp-allocator-reduction-small-platforms=262144"
    "memorysetup-allocator-temp-initial-block-size-main=262144"
    "memorysetup-allocator-temp-initial-block-size-worker=262144"
    "memorysetup-temp-allocator-size-background-worker=32768"
    "memorysetup-temp-allocator-size-job-worker=262144"
    "memorysetup-temp-allocator-size-preload-manager=33554432"
    "memorysetup-temp-allocator-size-nav-mesh-worker=65536"
    "memorysetup-temp-allocator-size-audio-worker=65536"
    "memorysetup-temp-allocator-size-cloud-worker=32768"
    "memorysetup-temp-allocator-size-gi-baking-worker=262144"
    "memorysetup-temp-allocator-size-gi-baking-worker=262144"
    "memorysetup-temp-allocator-size-gi-baking-worker=262144"
    "memorysetup-temp-allocator-size-gi-baking-worker=262144"
    "memorysetup-temp-allocator-size-gi-baking-worker=262144"
    "memorysetup-temp-allocator-size-gfx=262144"
Player connection [40384]  Target information:

Player connection [40384]  * "[IP] 192.168.49.1 [Port] 0 [Flags] 2 [Guid] 3167846517 [EditorId] 3167846517 [Version] 1048832 [Id] WindowsEditor(7,LAPTOP-G4O369HV) [Debug] 1 [PackageName] WindowsEditor [ProjectName] Editor" 

Player connection [40384]  * "[IP] 192.168.32.1 [Port] 0 [Flags] 2 [Guid] 3167846517 [EditorId] 3167846517 [Version] 1048832 [Id] WindowsEditor(7,LAPTOP-G4O369HV) [Debug] 1 [PackageName] WindowsEditor [ProjectName] Editor" 

Player connection [40384]  * "[IP] 192.168.1.10 [Port] 0 [Flags] 2 [Guid] 3167846517 [EditorId] 3167846517 [Version] 1048832 [Id] WindowsEditor(7,LAPTOP-G4O369HV) [Debug] 1 [PackageName] WindowsEditor [ProjectName] Editor" 

Player connection [40384] Host joined multi-casting on [225.0.0.222:54997]...
Player connection [40384] Host joined alternative multi-casting on [225.0.0.222:34997]...
JobSystem: Creating JobQueue using job-worker-count value 7
[Physics::Module] Initialized fallback backend.
[Physics::Module] Id: 0xdecafbad
Library Redirect Path: Library/
[Physics::Module] Selected backend.
[Physics::Module] Name: PhysX
[Physics::Module] Id: 0xf2b8ea05
[Physics::Module] SDK Version: 4.1.2
[Physics::Module] Integration Version: 1.0.0
[Physics::Module] Threading Mode: Multi-Threaded
Refreshing native plugins compatible for Editor in 3.13 ms, found 4 plugins.
Preloading 0 native plugins for Editor in 0.00 ms.
Initialize engine version: 6000.0.29f1 (9fafe5c9db65)
[Subsystems] Discovering subsystems at path C:/Program Files/Unity/Hub/Editor/6000.0.29f1/Editor/Data/Resources/UnitySubsystems
[Subsystems] Discovering subsystems at path D:/Unity Project/Bubble/Assets
GfxDevice: creating device client; kGfxThreadingModeNonThreaded
Direct3D:
    Version:  Direct3D 11.0 [level 11.1]
    Renderer: NVIDIA GeForce RTX 4060 Laptop GPU (ID=0x28e0)
    Vendor:   NVIDIA
    VRAM:     7957 MB
    Driver:   32.0.15.6103
Initialize mono
Mono path[0] = 'C:/Program Files/Unity/Hub/Editor/6000.0.29f1/Editor/Data/Managed'
Mono path[1] = 'C:/Program Files/Unity/Hub/Editor/6000.0.29f1/Editor/Data/MonoBleedingEdge/lib/mono/unityjit-win32'
Mono config path = 'C:/Program Files/Unity/Hub/Editor/6000.0.29f1/Editor/Data/MonoBleedingEdge/etc'
Using monoOptions --debugger-agent=transport=dt_socket,embedding=1,server=y,suspend=n,address=127.0.0.1:56716
Begin MonoManager ReloadAssembly
Registering precompiled unity dll's ...
Register platform support module: C:/Program Files/Unity/Hub/Editor/6000.0.29f1/Editor/Data/PlaybackEngines/WindowsStandaloneSupport/UnityEditor.WindowsStandalone.Extensions.dll
Register platform support module: C:/Program Files/Unity/Hub/Editor/6000.0.29f1/Editor/Data/PlaybackEngines/AndroidPlayer/UnityEditor.Android.Extensions.dll
Register platform support module: C:/Program Files/Unity/Hub/Editor/6000.0.29f1/Editor/Data/PlaybackEngines/iOSSupport/UnityEditor.iOS.Extensions.dll
Registered in 0.011240 seconds.
- Loaded All Assemblies, in  0.741 seconds
[usbmuxd] Start listen thread
[usbmuxd] Listen thread started
Native extension for iOS target not found
Native extension for Android target not found
Android Extension - Scanning For ADB Devices 544 ms
Native extension for WindowsStandalone target not found
Mono: successfully reloaded assembly
- Finished resetting the current domain, in  1.267 seconds
Domain Reload Profiling: 2001ms
	BeginReloadAssembly (243ms)
		ExecutionOrderSort (0ms)
		DisableScriptedObjects (0ms)
		BackupInstance (0ms)
		ReleaseScriptingObjects (0ms)
		CreateAndSetChildDomain (2ms)
	RebuildCommonClasses (62ms)
	RebuildNativeTypeToScriptingClass (20ms)
	initialDomainReloadingComplete (101ms)
	LoadAllAssembliesAndSetupDomain (308ms)
		LoadAssemblies (235ms)
		RebuildTransferFunctionScriptingTraits (0ms)
		AnalyzeDomain (299ms)
			TypeCache.Refresh (296ms)
				TypeCache.ScanAssembly (269ms)
			BuildScriptInfoCaches (0ms)
			ResolveRequiredComponents (1ms)
	FinalizeReload (1268ms)
		ReleaseScriptCaches (0ms)
		RebuildScriptCaches (0ms)
		SetupLoadedEditorAssemblies (1202ms)
			LogAssemblyErrors (0ms)
			InitializePlatformSupportModulesInManaged (726ms)
			SetLoadedEditorAssemblies (7ms)
			BeforeProcessingInitializeOnLoad (11ms)
			ProcessInitializeOnLoadAttributes (299ms)
			ProcessInitializeOnLoadMethodAttributes (153ms)
			AfterProcessingInitializeOnLoad (6ms)
			EditorAssembliesLoaded (0ms)
		ExecutionOrderSort2 (0ms)
		AwakeInstancesAfterBackupRestoration (0ms)
========================================================================
Worker process is ready to serve import requests
Import Worker Mode flag is 0x00
Begin MonoManager ReloadAssembly
- Loaded All Assemblies, in  1.432 seconds
Refreshing native plugins compatible for Editor in 2.01 ms, found 4 plugins.
Native extension for iOS target not found
Native extension for Android target not found
Native extension for WindowsStandalone target not found
Mono: successfully reloaded assembly
- Finished resetting the current domain, in  1.394 seconds
Domain Reload Profiling: 2818ms
	BeginReloadAssembly (291ms)
		ExecutionOrderSort (0ms)
		DisableScriptedObjects (9ms)
		BackupInstance (0ms)
		ReleaseScriptingObjects (0ms)
		CreateAndSetChildDomain (56ms)
	RebuildCommonClasses (66ms)
	RebuildNativeTypeToScriptingClass (22ms)
	initialDomainReloadingComplete (72ms)
	LoadAllAssembliesAndSetupDomain (972ms)
		LoadAssemblies (634ms)
		RebuildTransferFunctionScriptingTraits (0ms)
		AnalyzeDomain (510ms)
			TypeCache.Refresh (372ms)
				TypeCache.ScanAssembly (340ms)
			BuildScriptInfoCaches (110ms)
			ResolveRequiredComponents (21ms)
	FinalizeReload (1395ms)
		ReleaseScriptCaches (0ms)
		RebuildScriptCaches (0ms)
		SetupLoadedEditorAssemblies (1140ms)
			LogAssemblyErrors (0ms)
			InitializePlatformSupportModulesInManaged (24ms)
			SetLoadedEditorAssemblies (7ms)
			BeforeProcessingInitializeOnLoad (107ms)
			ProcessInitializeOnLoadAttributes (811ms)
			ProcessInitializeOnLoadMethodAttributes (177ms)
			AfterProcessingInitializeOnLoad (15ms)
			EditorAssembliesLoaded (0ms)
		ExecutionOrderSort2 (0ms)
		AwakeInstancesAfterBackupRestoration (10ms)
Launched and connected shader compiler UnityShaderCompiler.exe after 0.02 seconds
Refreshing native plugins compatible for Editor in 3.59 ms, found 4 plugins.
Preloading 0 native plugins for Editor in 0.00 ms.
Unloading 219 Unused Serialized files (Serialized files now loaded: 0)
Unloading 6669 unused Assets / (8.7 MB). Loaded Objects now: 7365.
Memory consumption went from 178.5 MB to 169.9 MB.
Total: 36.319000 ms (FindLiveObjects: 1.939500 ms CreateObjectMapping: 2.643500 ms MarkObjects: 11.555700 ms  DeleteObjects: 20.178300 ms)

========================================================================
Received Import Request.
  Time since last request: 91854.465836 seconds.
  path: Assets/Bubbles/Greyscale/256x256/bubble_1_grayscale.png
  artifactKey: Guid(6eb93c20b3ca0a145999e44b7bd1db46) Importer(815301076,1909f56bfc062723c751e8b465ee728b)
Start importing Assets/Bubbles/Greyscale/256x256/bubble_1_grayscale.png using Guid(6eb93c20b3ca0a145999e44b7bd1db46) Importer(815301076,1909f56bfc062723c751e8b465ee728b) (PreviewImporter) -> (artifact id: '59e2faadc519bccd3fbded8bf79ddc31') in 0.275774 seconds
Number of updated asset objects reloaded before import = 0Number of asset objects unloaded after import = 3

========================================================================
Received Import Request.
  Time since last request: 0.000051 seconds.
  path: Assets/Alphabets_Pack/Alphabets_Pack/Combined/White_Color/B.png
  artifactKey: Guid(889e98a08a31efa488224826f984c99c) Importer(815301076,1909f56bfc062723c751e8b465ee728b)
Start importing Assets/Alphabets_Pack/Alphabets_Pack/Combined/White_Color/B.png using Guid(889e98a08a31efa488224826f984c99c) Importer(815301076,1909f56bfc062723c751e8b465ee728b) (PreviewImporter) -> (artifact id: '9f5917b07264a6dc01f30a65e702d788') in 0.0403099 seconds
Number of updated asset objects reloaded before import = 0Number of asset objects unloaded after import = 3

========================================================================
Received Import Request.
  Time since last request: 0.000047 seconds.
  path: Assets/Bubbles/Greyscale/512x512/bubble_1_grayscale.png
  artifactKey: Guid(650a7ff546a4c9e4ab8979fa805c0c4c) Importer(815301076,1909f56bfc062723c751e8b465ee728b)
Start importing Assets/Bubbles/Greyscale/512x512/bubble_1_grayscale.png using Guid(650a7ff546a4c9e4ab8979fa805c0c4c) Importer(815301076,1909f56bfc062723c751e8b465ee728b) (PreviewImporter) -> (artifact id: '008ab7c519196538d706996326d37b30') in 0.0368418 seconds
Number of updated asset objects reloaded before import = 0Number of asset objects unloaded after import = 3

========================================================================
Received Import Request.
  Time since last request: 0.000027 seconds.
  path: Assets/Alphabets_Pack/Alphabets_Pack/Combined/Purple_Color/B.png
  artifactKey: Guid(0fa9dafa9f2250147a1ff5fc7f604340) Importer(815301076,1909f56bfc062723c751e8b465ee728b)
Start importing Assets/Alphabets_Pack/Alphabets_Pack/Combined/Purple_Color/B.png using Guid(0fa9dafa9f2250147a1ff5fc7f604340) Importer(815301076,1909f56bfc062723c751e8b465ee728b) (PreviewImporter) -> (artifact id: '126fc9c0b2a4010e83ddd33d8fb5ca83') in 0.0996797 seconds
Number of updated asset objects reloaded before import = 0Number of asset objects unloaded after import = 3

========================================================================
Received Import Request.
  Time since last request: 17.100967 seconds.
  path: Assets/TextMesh Pro/Examples & Extras/Resources/Fonts & Materials/Anton SDF - Outline.mat
  artifactKey: Guid(a00013af81304728b2be1f4309ee2433) Importer(815301076,1909f56bfc062723c751e8b465ee728b)
Start importing Assets/TextMesh Pro/Examples & Extras/Resources/Fonts & Materials/Anton SDF - Outline.mat using Guid(a00013af81304728b2be1f4309ee2433) Importer(815301076,1909f56bfc062723c751e8b465ee728b) (PreviewImporter) -> (artifact id: '5fcd47707bea91963b90bc275b8d998b') in 0.6708844 seconds
Number of updated asset objects reloaded before import = 0Number of asset objects unloaded after import = 2

========================================================================
Received Import Request.
  Time since last request: 0.000108 seconds.
  path: Assets/TextMesh Pro/Examples & Extras/Resources/Fonts & Materials/LiberationSans SDF - Soft Mask.mat
  artifactKey: Guid(42df1c7856584b6b8db9a509b6b10074) Importer(815301076,1909f56bfc062723c751e8b465ee728b)
Start importing Assets/TextMesh Pro/Examples & Extras/Resources/Fonts & Materials/LiberationSans SDF - Soft Mask.mat using Guid(42df1c7856584b6b8db9a509b6b10074) Importer(815301076,1909f56bfc062723c751e8b465ee728b) (PreviewImporter) -> (artifact id: '37803fe59b0cbcb11f10e6982ee080cc') in 0.0618247 seconds
Number of updated asset objects reloaded before import = 0Number of asset objects unloaded after import = 3

========================================================================
Received Import Request.
  Time since last request: 39.993496 seconds.
  path: Assets/Bubbles/Coloured/256x256/bubble_4.png
  artifactKey: Guid(f0c4228b0dd334843bf05d23f6f2000b) Importer(815301076,1909f56bfc062723c751e8b465ee728b)
Start importing Assets/Bubbles/Coloured/256x256/bubble_4.png using Guid(f0c4228b0dd334843bf05d23f6f2000b) Importer(815301076,1909f56bfc062723c751e8b465ee728b) (PreviewImporter) -> (artifact id: '40da209edacdf30b92649207f8d49fed') in 0.0264485 seconds
Number of updated asset objects reloaded before import = 0Number of asset objects unloaded after import = 3

========================================================================
Received Import Request.
  Time since last request: 0.000038 seconds.
  path: Assets/Bubbles/Coloured/512x512/bubble_4.png
  artifactKey: Guid(4c900db198ccbc1478e7ca254159fd6b) Importer(815301076,1909f56bfc062723c751e8b465ee728b)
Start importing Assets/Bubbles/Coloured/512x512/bubble_4.png using Guid(4c900db198ccbc1478e7ca254159fd6b) Importer(815301076,1909f56bfc062723c751e8b465ee728b) (PreviewImporter) -> (artifact id: 'c720de4c89a539a6d99ee402e437d98d') in 0.0385714 seconds
Number of updated asset objects reloaded before import = 0Number of asset objects unloaded after import = 3

========================================================================
Received Import Request.
  Time since last request: 0.176410 seconds.
  path: Assets/Bubbles/Greyscale/512x512/bubble_4_grayscale.png
  artifactKey: Guid(0c4556aafb2678048a878390f283cec5) Importer(815301076,1909f56bfc062723c751e8b465ee728b)
Start importing Assets/Bubbles/Greyscale/512x512/bubble_4_grayscale.png using Guid(0c4556aafb2678048a878390f283cec5) Importer(815301076,1909f56bfc062723c751e8b465ee728b) (PreviewImporter) -> (artifact id: '9edf2b7de96e87d79ddb127a89d26bf3') in 0.0324425 seconds
Number of updated asset objects reloaded before import = 0Number of asset objects unloaded after import = 3

========================================================================
Received Import Request.
  Time since last request: 0.000031 seconds.
  path: Assets/Bubbles/Greyscale/256x256/bubble_4_grayscale.png
  artifactKey: Guid(6789938576a46674a98e4ee78c1ccebe) Importer(815301076,1909f56bfc062723c751e8b465ee728b)
Start importing Assets/Bubbles/Greyscale/256x256/bubble_4_grayscale.png using Guid(6789938576a46674a98e4ee78c1ccebe) Importer(815301076,1909f56bfc062723c751e8b465ee728b) (PreviewImporter) -> (artifact id: '7f163c4c61d8af0de7dcd37b173c5d7b') in 0.0251001 seconds
Number of updated asset objects reloaded before import = 0Number of asset objects unloaded after import = 3

========================================================================
Received Import Request.
  Time since last request: 0.000050 seconds.
  path: Assets/Bubbles/Greyscale/32x32/bubble_5.png
  artifactKey: Guid(f060fc7e53814984e98af9cbee104188) Importer(815301076,1909f56bfc062723c751e8b465ee728b)
Start importing Assets/Bubbles/Greyscale/32x32/bubble_5.png using Guid(f060fc7e53814984e98af9cbee104188) Importer(815301076,1909f56bfc062723c751e8b465ee728b) (PreviewImporter) -> (artifact id: '4ae61deda626e3ebab8237fa01685cf1') in 0.025492 seconds
Number of updated asset objects reloaded before import = 0Number of asset objects unloaded after import = 3

========================================================================
Received Import Request.
  Time since last request: 0.000026 seconds.
  path: Assets/Bubbles/Coloured/512x512/bubble_5.png
  artifactKey: Guid(28df971881b6b424484199e503465591) Importer(815301076,1909f56bfc062723c751e8b465ee728b)
Start importing Assets/Bubbles/Coloured/512x512/bubble_5.png using Guid(28df971881b6b424484199e503465591) Importer(815301076,1909f56bfc062723c751e8b465ee728b) (PreviewImporter) -> (artifact id: '579de292045ccf15fa83e33b00c5b939') in 0.034092 seconds
Number of updated asset objects reloaded before import = 0Number of asset objects unloaded after import = 3

========================================================================
Received Import Request.
  Time since last request: 0.111974 seconds.
  path: Assets/Bubbles/Greyscale/32x32/bubble_5_grayscale.png
  artifactKey: Guid(7cb96628cce50e147a508fe8b14935d2) Importer(815301076,1909f56bfc062723c751e8b465ee728b)
Start importing Assets/Bubbles/Greyscale/32x32/bubble_5_grayscale.png using Guid(7cb96628cce50e147a508fe8b14935d2) Importer(815301076,1909f56bfc062723c751e8b465ee728b) (PreviewImporter) -> (artifact id: 'adf5f1635567ef373e868fbc99d6a715') in 0.0210648 seconds
Number of updated asset objects reloaded before import = 0Number of asset objects unloaded after import = 3

========================================================================
Received Import Request.
  Time since last request: 0.000030 seconds.
  path: Assets/Bubbles/Greyscale/64x64/bubble_5_grayscale.png
  artifactKey: Guid(14480211118d8ff47886204ec1d5fc13) Importer(815301076,1909f56bfc062723c751e8b465ee728b)
Start importing Assets/Bubbles/Greyscale/64x64/bubble_5_grayscale.png using Guid(14480211118d8ff47886204ec1d5fc13) Importer(815301076,1909f56bfc062723c751e8b465ee728b) (PreviewImporter) -> (artifact id: 'b2f61192ccf8cc8b56a7a78a60766a4f') in 0.0228442 seconds
Number of updated asset objects reloaded before import = 0Number of asset objects unloaded after import = 3

========================================================================
Received Import Request.
  Time since last request: 0.000027 seconds.
  path: Assets/Bubbles/Greyscale/32x32/bubble_6.png
  artifactKey: Guid(c00074888d6ead547b968600588ade33) Importer(815301076,1909f56bfc062723c751e8b465ee728b)
Start importing Assets/Bubbles/Greyscale/32x32/bubble_6.png using Guid(c00074888d6ead547b968600588ade33) Importer(815301076,1909f56bfc062723c751e8b465ee728b) (PreviewImporter) -> (artifact id: '4059fbdc290bd0dd1633e327c25795c3') in 0.012813 seconds
Number of updated asset objects reloaded before import = 0Number of asset objects unloaded after import = 3

========================================================================
Received Import Request.
  Time since last request: 0.000030 seconds.
  path: Assets/Bubbles/Greyscale/64x64/bubble_6.png
  artifactKey: Guid(71f7e03e17cc55b4d94442041509bc86) Importer(815301076,1909f56bfc062723c751e8b465ee728b)
Start importing Assets/Bubbles/Greyscale/64x64/bubble_6.png using Guid(71f7e03e17cc55b4d94442041509bc86) Importer(815301076,1909f56bfc062723c751e8b465ee728b) (PreviewImporter) -> (artifact id: 'a566ce6b6b9916d343683a49a41c37f8') in 0.0210858 seconds
Number of updated asset objects reloaded before import = 0Number of asset objects unloaded after import = 3

========================================================================
Received Import Request.
  Time since last request: 0.122954 seconds.
  path: Assets/Bubbles/Greyscale/32x32/bubble_6_grayscale.png
  artifactKey: Guid(be29bd76f02e092429f534a26da32930) Importer(815301076,1909f56bfc062723c751e8b465ee728b)
Start importing Assets/Bubbles/Greyscale/32x32/bubble_6_grayscale.png using Guid(be29bd76f02e092429f534a26da32930) Importer(815301076,1909f56bfc062723c751e8b465ee728b) (PreviewImporter) -> (artifact id: '2e2e0a9db31396569834d40caf8e275c') in 0.021141 seconds
Number of updated asset objects reloaded before import = 0Number of asset objects unloaded after import = 3

========================================================================
Received Import Request.
  Time since last request: 0.000027 seconds.
  path: Assets/Bubbles/Greyscale/512x512/bubble_6_grayscale.png
  artifactKey: Guid(0df7c0e1be40e0648b55598b0bd7d340) Importer(815301076,1909f56bfc062723c751e8b465ee728b)
Start importing Assets/Bubbles/Greyscale/512x512/bubble_6_grayscale.png using Guid(0df7c0e1be40e0648b55598b0bd7d340) Importer(815301076,1909f56bfc062723c751e8b465ee728b) (PreviewImporter) -> (artifact id: '34ed1a22aa342b8996945370628edc24') in 0.0251096 seconds
Number of updated asset objects reloaded before import = 0Number of asset objects unloaded after import = 3

========================================================================
Received Import Request.
  Time since last request: 0.000039 seconds.
  path: Assets/Bubbles/Coloured/128x128/bubble_7.png
  artifactKey: Guid(587e808c4e5d51f4d8819e61861d0089) Importer(815301076,1909f56bfc062723c751e8b465ee728b)
Start importing Assets/Bubbles/Coloured/128x128/bubble_7.png using Guid(587e808c4e5d51f4d8819e61861d0089) Importer(815301076,1909f56bfc062723c751e8b465ee728b) (PreviewImporter) -> (artifact id: 'a094ef3144541491d09f2032d14cb387') in 0.028928 seconds
Number of updated asset objects reloaded before import = 0Number of asset objects unloaded after import = 3

========================================================================
Received Import Request.
  Time since last request: 0.000076 seconds.
  path: Assets/Bubbles/Coloured/32x32/bubble_7.png
  artifactKey: Guid(d97a789f535258d498c2674b89f62a59) Importer(815301076,1909f56bfc062723c751e8b465ee728b)
Start importing Assets/Bubbles/Coloured/32x32/bubble_7.png using Guid(d97a789f535258d498c2674b89f62a59) Importer(815301076,1909f56bfc062723c751e8b465ee728b) (PreviewImporter) -> (artifact id: 'b133be156972e9451e6a87759c303afd') in 0.0146089 seconds
Number of updated asset objects reloaded before import = 0Number of asset objects unloaded after import = 3

========================================================================
Received Import Request.
  Time since last request: 0.135090 seconds.
  path: Assets/Bubbles/Greyscale/256x256/bubble_7_grayscale.png
  artifactKey: Guid(76b768518e5598647b0cc254375607c6) Importer(815301076,1909f56bfc062723c751e8b465ee728b)
Start importing Assets/Bubbles/Greyscale/256x256/bubble_7_grayscale.png using Guid(76b768518e5598647b0cc254375607c6) Importer(815301076,1909f56bfc062723c751e8b465ee728b) (PreviewImporter) -> (artifact id: '03dc76384f0b13ad67417c7a4a302792') in 0.021929 seconds
Number of updated asset objects reloaded before import = 0Number of asset objects unloaded after import = 3

========================================================================
Received Import Request.
  Time since last request: 0.000033 seconds.
  path: Assets/Bubbles/Greyscale/16x16/bubble_7_grayscale.png
  artifactKey: Guid(1e850ed52c0195d4ab5279755329f29c) Importer(815301076,1909f56bfc062723c751e8b465ee728b)
Start importing Assets/Bubbles/Greyscale/16x16/bubble_7_grayscale.png using Guid(1e850ed52c0195d4ab5279755329f29c) Importer(815301076,1909f56bfc062723c751e8b465ee728b) (PreviewImporter) -> (artifact id: '1d0cb76eb4cde6852fa02d4595459650') in 0.0207467 seconds
Number of updated asset objects reloaded before import = 0Number of asset objects unloaded after import = 3

========================================================================
Received Import Request.
  Time since last request: 33.666475 seconds.
  path: Assets/Bubbles/bubbles.svg
  artifactKey: Guid(10808f074de72704fb95a3c5269b6947) Importer(815301076,1909f56bfc062723c751e8b465ee728b)
Start importing Assets/Bubbles/bubbles.svg using Guid(10808f074de72704fb95a3c5269b6947) Importer(815301076,1909f56bfc062723c751e8b465ee728b) (PreviewImporter) -> (artifact id: '8119c693a05138630b05006c33afc37f') in 0.0016657 seconds
Number of updated asset objects reloaded before import = 0Number of asset objects unloaded after import = 1

========================================================================
Received Prepare
Begin MonoManager ReloadAssembly
- Loaded All Assemblies, in  1.095 seconds
Refreshing native plugins compatible for Editor in 2.26 ms, found 4 plugins.
Native extension for iOS target not found
Native extension for Android target not found
Native extension for WindowsStandalone target not found
Mono: successfully reloaded assembly
- Finished resetting the current domain, in  1.239 seconds
Domain Reload Profiling: 2331ms
	BeginReloadAssembly (322ms)
		ExecutionOrderSort (0ms)
		DisableScriptedObjects (40ms)
		BackupInstance (0ms)
		ReleaseScriptingObjects (0ms)
		CreateAndSetChildDomain (87ms)
	RebuildCommonClasses (56ms)
	RebuildNativeTypeToScriptingClass (21ms)
	initialDomainReloadingComplete (43ms)
	LoadAllAssembliesAndSetupDomain (648ms)
		LoadAssemblies (532ms)
		RebuildTransferFunctionScriptingTraits (0ms)
		AnalyzeDomain (260ms)
			TypeCache.Refresh (7ms)
				TypeCache.ScanAssembly (0ms)
			BuildScriptInfoCaches (234ms)
			ResolveRequiredComponents (13ms)
	FinalizeReload (1240ms)
		ReleaseScriptCaches (0ms)
		RebuildScriptCaches (0ms)
		SetupLoadedEditorAssemblies (934ms)
			LogAssemblyErrors (0ms)
			InitializePlatformSupportModulesInManaged (26ms)
			SetLoadedEditorAssemblies (6ms)
			BeforeProcessingInitializeOnLoad (110ms)
			ProcessInitializeOnLoadAttributes (687ms)
			ProcessInitializeOnLoadMethodAttributes (91ms)
			AfterProcessingInitializeOnLoad (14ms)
			EditorAssembliesLoaded (0ms)
		ExecutionOrderSort2 (0ms)
		AwakeInstancesAfterBackupRestoration (18ms)
Refreshing native plugins compatible for Editor in 3.43 ms, found 4 plugins.
Preloading 0 native plugins for Editor in 0.00 ms.
Unloading 13 Unused Serialized files (Serialized files now loaded: 0)
Unloading 6667 unused Assets / (5.2 MB). Loaded Objects now: 7443.
Memory consumption went from 153.7 MB to 148.5 MB.
Total: 22.374300 ms (FindLiveObjects: 1.932700 ms CreateObjectMapping: 2.265000 ms MarkObjects: 11.044200 ms  DeleteObjects: 7.130400 ms)

Prepare: number of updated asset objects reloaded= 0
========================================================================
Received Import Request.
  Time since last request: 154.360016 seconds.
  path: Assets/Scenes/Dual.unity
  artifactKey: Guid(a025b7b739b165c498675c4c4b3f7f08) Importer(815301076,1909f56bfc062723c751e8b465ee728b)
Start importing Assets/Scenes/Dual.unity using Guid(a025b7b739b165c498675c4c4b3f7f08) Importer(815301076,1909f56bfc062723c751e8b465ee728b) (PreviewImporter) -> (artifact id: '3d0aa32b7dc1d2e5dfacf8bfa824fea3') in 0.0071384 seconds
Number of updated asset objects reloaded before import = 0Number of asset objects unloaded after import = 0

