Using pre-set license
Built from '6000.0/release' branch; Version is '6000.0.29f1 (9fafe5c9db65) revision 10465253'; Using compiler version '193933523'; Build Type 'Release'
OS: 'Windows 11  (10.0.26100) 64bit CoreSingleLanguage' Language: 'en' Physical Memory: 24260 MB
BatchMode: 1, IsHumanControllingUs: 0, StartBugReporterOnCrash: 0, Is64bit: 1, IsPro: 1

COMMAND LINE ARGUMENTS:
C:\Program Files\Unity\Hub\Editor\6000.0.29f1\Editor\Unity.exe
-adb2
-batchMode
-noUpm
-name
AssetImportWorker0
-projectPath
D:/Unity Project/Bubble
-logFile
Logs/AssetImportWorker0.log
-srvPort
64354
-job-worker-count
7
-background-job-worker-count
8
-asset-garbage-collectors
1
Successfully changed project path to: D:/Unity Project/Bubble
D:/Unity Project/Bubble
[UnityMemory] Configuration Parameters - Can be set up in boot.config
    "memorysetup-bucket-allocator-granularity=16"
    "memorysetup-bucket-allocator-bucket-count=8"
    "memorysetup-bucket-allocator-block-size=33554432"
    "memorysetup-bucket-allocator-block-count=8"
    "memorysetup-main-allocator-block-size=16777216"
    "memorysetup-thread-allocator-block-size=16777216"
    "memorysetup-gfx-main-allocator-block-size=16777216"
    "memorysetup-gfx-thread-allocator-block-size=16777216"
    "memorysetup-cache-allocator-block-size=4194304"
    "memorysetup-typetree-allocator-block-size=2097152"
    "memorysetup-profiler-bucket-allocator-granularity=16"
    "memorysetup-profiler-bucket-allocator-bucket-count=8"
    "memorysetup-profiler-bucket-allocator-block-size=33554432"
    "memorysetup-profiler-bucket-allocator-block-count=8"
    "memorysetup-profiler-allocator-block-size=16777216"
    "memorysetup-profiler-editor-allocator-block-size=1048576"
    "memorysetup-temp-allocator-size-main=16777216"
    "memorysetup-job-temp-allocator-block-size=2097152"
    "memorysetup-job-temp-allocator-block-size-background=1048576"
    "memorysetup-job-temp-allocator-reduction-small-platforms=262144"
    "memorysetup-allocator-temp-initial-block-size-main=262144"
    "memorysetup-allocator-temp-initial-block-size-worker=262144"
    "memorysetup-temp-allocator-size-background-worker=32768"
    "memorysetup-temp-allocator-size-job-worker=262144"
    "memorysetup-temp-allocator-size-preload-manager=33554432"
    "memorysetup-temp-allocator-size-nav-mesh-worker=65536"
    "memorysetup-temp-allocator-size-audio-worker=65536"
    "memorysetup-temp-allocator-size-cloud-worker=32768"
    "memorysetup-temp-allocator-size-gi-baking-worker=262144"
    "memorysetup-temp-allocator-size-gi-baking-worker=262144"
    "memorysetup-temp-allocator-size-gi-baking-worker=262144"
    "memorysetup-temp-allocator-size-gi-baking-worker=262144"
    "memorysetup-temp-allocator-size-gi-baking-worker=262144"
    "memorysetup-temp-allocator-size-gfx=262144"
Player connection [29060]  Target information:

Player connection [29060]  * "[IP] 192.168.49.1 [Port] 0 [Flags] 2 [Guid] 3203145564 [EditorId] 3203145564 [Version] 1048832 [Id] WindowsEditor(7,LAPTOP-G4O369HV) [Debug] 1 [PackageName] WindowsEditor [ProjectName] Editor" 

Player connection [29060]  * "[IP] 192.168.32.1 [Port] 0 [Flags] 2 [Guid] 3203145564 [EditorId] 3203145564 [Version] 1048832 [Id] WindowsEditor(7,LAPTOP-G4O369HV) [Debug] 1 [PackageName] WindowsEditor [ProjectName] Editor" 

Player connection [29060]  * "[IP] 192.168.1.10 [Port] 0 [Flags] 2 [Guid] 3203145564 [EditorId] 3203145564 [Version] 1048832 [Id] WindowsEditor(7,LAPTOP-G4O369HV) [Debug] 1 [PackageName] WindowsEditor [ProjectName] Editor" 

Player connection [29060] Host joined multi-casting on [225.0.0.222:54997]...
Player connection [29060] Host joined alternative multi-casting on [225.0.0.222:34997]...
JobSystem: Creating JobQueue using job-worker-count value 7
[Physics::Module] Initialized fallback backend.
[Physics::Module] Id: 0xdecafbad
Library Redirect Path: Library/
[Physics::Module] Selected backend.
[Physics::Module] Name: PhysX
[Physics::Module] Id: 0xf2b8ea05
[Physics::Module] SDK Version: 4.1.2
[Physics::Module] Integration Version: 1.0.0
[Physics::Module] Threading Mode: Multi-Threaded
Refreshing native plugins compatible for Editor in 2.72 ms, found 4 plugins.
Preloading 0 native plugins for Editor in 0.00 ms.
Initialize engine version: 6000.0.29f1 (9fafe5c9db65)
[Subsystems] Discovering subsystems at path C:/Program Files/Unity/Hub/Editor/6000.0.29f1/Editor/Data/Resources/UnitySubsystems
[Subsystems] Discovering subsystems at path D:/Unity Project/Bubble/Assets
GfxDevice: creating device client; kGfxThreadingModeNonThreaded
Direct3D:
    Version:  Direct3D 11.0 [level 11.1]
    Renderer: NVIDIA GeForce RTX 4060 Laptop GPU (ID=0x28e0)
    Vendor:   NVIDIA
    VRAM:     7957 MB
    Driver:   32.0.15.6103
Initialize mono
Mono path[0] = 'C:/Program Files/Unity/Hub/Editor/6000.0.29f1/Editor/Data/Managed'
Mono path[1] = 'C:/Program Files/Unity/Hub/Editor/6000.0.29f1/Editor/Data/MonoBleedingEdge/lib/mono/unityjit-win32'
Mono config path = 'C:/Program Files/Unity/Hub/Editor/6000.0.29f1/Editor/Data/MonoBleedingEdge/etc'
Using monoOptions --debugger-agent=transport=dt_socket,embedding=1,server=y,suspend=n,address=127.0.0.1:56536
Begin MonoManager ReloadAssembly
Registering precompiled unity dll's ...
Register platform support module: C:/Program Files/Unity/Hub/Editor/6000.0.29f1/Editor/Data/PlaybackEngines/WindowsStandaloneSupport/UnityEditor.WindowsStandalone.Extensions.dll
Register platform support module: C:/Program Files/Unity/Hub/Editor/6000.0.29f1/Editor/Data/PlaybackEngines/AndroidPlayer/UnityEditor.Android.Extensions.dll
Register platform support module: C:/Program Files/Unity/Hub/Editor/6000.0.29f1/Editor/Data/PlaybackEngines/iOSSupport/UnityEditor.iOS.Extensions.dll
Registered in 0.011818 seconds.
- Loaded All Assemblies, in  0.752 seconds
[usbmuxd] Start listen thread
[usbmuxd] Listen thread started
Native extension for iOS target not found
Native extension for Android target not found
Android Extension - Scanning For ADB Devices 527 ms
Native extension for WindowsStandalone target not found
Mono: successfully reloaded assembly
- Finished resetting the current domain, in  1.251 seconds
Domain Reload Profiling: 1995ms
	BeginReloadAssembly (239ms)
		ExecutionOrderSort (0ms)
		DisableScriptedObjects (0ms)
		BackupInstance (0ms)
		ReleaseScriptingObjects (0ms)
		CreateAndSetChildDomain (2ms)
	RebuildCommonClasses (63ms)
	RebuildNativeTypeToScriptingClass (23ms)
	initialDomainReloadingComplete (104ms)
	LoadAllAssembliesAndSetupDomain (314ms)
		LoadAssemblies (233ms)
		RebuildTransferFunctionScriptingTraits (0ms)
		AnalyzeDomain (306ms)
			TypeCache.Refresh (304ms)
				TypeCache.ScanAssembly (281ms)
			BuildScriptInfoCaches (0ms)
			ResolveRequiredComponents (1ms)
	FinalizeReload (1252ms)
		ReleaseScriptCaches (0ms)
		RebuildScriptCaches (0ms)
		SetupLoadedEditorAssemblies (1192ms)
			LogAssemblyErrors (0ms)
			InitializePlatformSupportModulesInManaged (716ms)
			SetLoadedEditorAssemblies (8ms)
			BeforeProcessingInitializeOnLoad (12ms)
			ProcessInitializeOnLoadAttributes (297ms)
			ProcessInitializeOnLoadMethodAttributes (153ms)
			AfterProcessingInitializeOnLoad (7ms)
			EditorAssembliesLoaded (0ms)
		ExecutionOrderSort2 (0ms)
		AwakeInstancesAfterBackupRestoration (0ms)
========================================================================
Worker process is ready to serve import requests
Import Worker Mode flag is 0x00
Begin MonoManager ReloadAssembly
- Loaded All Assemblies, in  1.449 seconds
Refreshing native plugins compatible for Editor in 2.35 ms, found 4 plugins.
Native extension for iOS target not found
Native extension for Android target not found
Native extension for WindowsStandalone target not found
Mono: successfully reloaded assembly
- Finished resetting the current domain, in  1.374 seconds
Domain Reload Profiling: 2817ms
	BeginReloadAssembly (303ms)
		ExecutionOrderSort (0ms)
		DisableScriptedObjects (10ms)
		BackupInstance (0ms)
		ReleaseScriptingObjects (0ms)
		CreateAndSetChildDomain (64ms)
	RebuildCommonClasses (61ms)
	RebuildNativeTypeToScriptingClass (20ms)
	initialDomainReloadingComplete (74ms)
	LoadAllAssembliesAndSetupDomain (986ms)
		LoadAssemblies (646ms)
		RebuildTransferFunctionScriptingTraits (0ms)
		AnalyzeDomain (516ms)
			TypeCache.Refresh (371ms)
				TypeCache.ScanAssembly (342ms)
			BuildScriptInfoCaches (117ms)
			ResolveRequiredComponents (23ms)
	FinalizeReload (1375ms)
		ReleaseScriptCaches (0ms)
		RebuildScriptCaches (0ms)
		SetupLoadedEditorAssemblies (1138ms)
			LogAssemblyErrors (0ms)
			InitializePlatformSupportModulesInManaged (26ms)
			SetLoadedEditorAssemblies (9ms)
			BeforeProcessingInitializeOnLoad (110ms)
			ProcessInitializeOnLoadAttributes (813ms)
			ProcessInitializeOnLoadMethodAttributes (167ms)
			AfterProcessingInitializeOnLoad (12ms)
			EditorAssembliesLoaded (0ms)
		ExecutionOrderSort2 (0ms)
		AwakeInstancesAfterBackupRestoration (8ms)
Launched and connected shader compiler UnityShaderCompiler.exe after 0.03 seconds
Refreshing native plugins compatible for Editor in 2.86 ms, found 4 plugins.
Preloading 0 native plugins for Editor in 0.00 ms.
Unloading 219 Unused Serialized files (Serialized files now loaded: 0)
Unloading 6669 unused Assets / (4.9 MB). Loaded Objects now: 7365.
Memory consumption went from 178.7 MB to 173.8 MB.
Total: 22.915900 ms (FindLiveObjects: 1.743500 ms CreateObjectMapping: 3.815700 ms MarkObjects: 12.073100 ms  DeleteObjects: 5.278600 ms)

========================================================================
Received Import Request.
  Time since last request: 91854.488889 seconds.
  path: Assets/Bubbles/Greyscale/64x64/bubble_1_grayscale.png
  artifactKey: Guid(208d4a38ab5e3fe4aad5080eaf6bd38a) Importer(815301076,1909f56bfc062723c751e8b465ee728b)
Start importing Assets/Bubbles/Greyscale/64x64/bubble_1_grayscale.png using Guid(208d4a38ab5e3fe4aad5080eaf6bd38a) Importer(815301076,1909f56bfc062723c751e8b465ee728b) (PreviewImporter) -> (artifact id: 'c961aa16504984d1e7907cdefee5bdb5') in 0.2458182 seconds
Number of updated asset objects reloaded before import = 0Number of asset objects unloaded after import = 3

========================================================================
Received Import Request.
  Time since last request: 0.000030 seconds.
  path: Assets/Alphabets_Pack/Alphabets_Pack/Alphabets/Purple_Color/B.png
  artifactKey: Guid(068f59c77d7c193478f8d99b843784c7) Importer(815301076,1909f56bfc062723c751e8b465ee728b)
Start importing Assets/Alphabets_Pack/Alphabets_Pack/Alphabets/Purple_Color/B.png using Guid(068f59c77d7c193478f8d99b843784c7) Importer(815301076,1909f56bfc062723c751e8b465ee728b) (PreviewImporter) -> (artifact id: 'fd7ed2ef7968e9a1764bd22de21fef11') in 0.0404988 seconds
Number of updated asset objects reloaded before import = 0Number of asset objects unloaded after import = 3

========================================================================
Received Import Request.
  Time since last request: 0.000044 seconds.
  path: Assets/Alphabets_Pack/Alphabets_Pack/Alphabets/White_Color/B.PNG
  artifactKey: Guid(6f53a62f0b12441408bdd9d17cca3d97) Importer(815301076,1909f56bfc062723c751e8b465ee728b)
Start importing Assets/Alphabets_Pack/Alphabets_Pack/Alphabets/White_Color/B.PNG using Guid(6f53a62f0b12441408bdd9d17cca3d97) Importer(815301076,1909f56bfc062723c751e8b465ee728b) (PreviewImporter) -> (artifact id: 'e1b7ff29a9846727e4a6f290b6faebe4') in 0.047811 seconds
Number of updated asset objects reloaded before import = 0Number of asset objects unloaded after import = 3

========================================================================
Received Import Request.
  Time since last request: 0.000030 seconds.
  path: Assets/Alphabets_Pack/Alphabets_Pack/Alphabets/Pink_Color/B.png
  artifactKey: Guid(0dc7f63e2bce41740a73fc6e7297461e) Importer(815301076,1909f56bfc062723c751e8b465ee728b)
Start importing Assets/Alphabets_Pack/Alphabets_Pack/Alphabets/Pink_Color/B.png using Guid(0dc7f63e2bce41740a73fc6e7297461e) Importer(815301076,1909f56bfc062723c751e8b465ee728b) (PreviewImporter) -> (artifact id: 'c8d5308db1112f7e9fd1f5f402c06db4') in 0.1113477 seconds
Number of updated asset objects reloaded before import = 0Number of asset objects unloaded after import = 3

========================================================================
Received Import Request.
  Time since last request: 17.094450 seconds.
  path: Assets/TextMesh Pro/Examples & Extras/Resources/Fonts & Materials/Bangers SDF - Outline.mat
  artifactKey: Guid(f629c6e43dba4bf38cb74d8860150664) Importer(815301076,1909f56bfc062723c751e8b465ee728b)
Start importing Assets/TextMesh Pro/Examples & Extras/Resources/Fonts & Materials/Bangers SDF - Outline.mat using Guid(f629c6e43dba4bf38cb74d8860150664) Importer(815301076,1909f56bfc062723c751e8b465ee728b) (PreviewImporter) -> (artifact id: '4688fb299a859cddd0b9470e38ef98ef') in 0.6608769 seconds
Number of updated asset objects reloaded before import = 0Number of asset objects unloaded after import = 2

========================================================================
Received Import Request.
  Time since last request: 40.119568 seconds.
  path: Assets/Bubbles/Greyscale/64x64/bubble_4.png
  artifactKey: Guid(8c009b0b8c154dd4096909e5b199132d) Importer(815301076,1909f56bfc062723c751e8b465ee728b)
Start importing Assets/Bubbles/Greyscale/64x64/bubble_4.png using Guid(8c009b0b8c154dd4096909e5b199132d) Importer(815301076,1909f56bfc062723c751e8b465ee728b) (PreviewImporter) -> (artifact id: '1478f2eabee87fcd5a2ececd07872a0b') in 0.0334933 seconds
Number of updated asset objects reloaded before import = 0Number of asset objects unloaded after import = 3

========================================================================
Received Import Request.
  Time since last request: 0.215304 seconds.
  path: Assets/Bubbles/Greyscale/64x64/bubble_4_grayscale.png
  artifactKey: Guid(866dafd445b1c0441a9bb5b62da677ef) Importer(815301076,1909f56bfc062723c751e8b465ee728b)
Start importing Assets/Bubbles/Greyscale/64x64/bubble_4_grayscale.png using Guid(866dafd445b1c0441a9bb5b62da677ef) Importer(815301076,1909f56bfc062723c751e8b465ee728b) (PreviewImporter) -> (artifact id: '9c5f6fa4304ff223f28b73b95dc67e86') in 0.0302042 seconds
Number of updated asset objects reloaded before import = 0Number of asset objects unloaded after import = 3

========================================================================
Received Import Request.
  Time since last request: 0.007268 seconds.
  path: Assets/Bubbles/Coloured/32x32/bubble_5.png
  artifactKey: Guid(a8366918ee272934f9b41d5c339c2e41) Importer(815301076,1909f56bfc062723c751e8b465ee728b)
Start importing Assets/Bubbles/Coloured/32x32/bubble_5.png using Guid(a8366918ee272934f9b41d5c339c2e41) Importer(815301076,1909f56bfc062723c751e8b465ee728b) (PreviewImporter) -> (artifact id: 'd2aa4749073e62a05e6d22a0d0414113') in 0.0222999 seconds
Number of updated asset objects reloaded before import = 0Number of asset objects unloaded after import = 3

========================================================================
Received Import Request.
  Time since last request: 0.000031 seconds.
  path: Assets/Bubbles/Coloured/256x256/bubble_5.png
  artifactKey: Guid(c0678d4f8d3dcd54e9158d64ac4fa419) Importer(815301076,1909f56bfc062723c751e8b465ee728b)
Start importing Assets/Bubbles/Coloured/256x256/bubble_5.png using Guid(c0678d4f8d3dcd54e9158d64ac4fa419) Importer(815301076,1909f56bfc062723c751e8b465ee728b) (PreviewImporter) -> (artifact id: '65d69957c3974dca5aaf2cbbd354be04') in 0.0295385 seconds
Number of updated asset objects reloaded before import = 0Number of asset objects unloaded after import = 3

========================================================================
Received Import Request.
  Time since last request: 0.000031 seconds.
  path: Assets/Bubbles/Greyscale/16x16/bubble_5.png
  artifactKey: Guid(88d72ee0dc73e524c9a53ba3c6051f3b) Importer(815301076,1909f56bfc062723c751e8b465ee728b)
Start importing Assets/Bubbles/Greyscale/16x16/bubble_5.png using Guid(88d72ee0dc73e524c9a53ba3c6051f3b) Importer(815301076,1909f56bfc062723c751e8b465ee728b) (PreviewImporter) -> (artifact id: 'c238042f5a86392f85195dec2d680f19') in 0.0223985 seconds
Number of updated asset objects reloaded before import = 0Number of asset objects unloaded after import = 3

========================================================================
Received Import Request.
  Time since last request: 0.114959 seconds.
  path: Assets/Bubbles/Greyscale/512x512/bubble_5_grayscale.png
  artifactKey: Guid(b12b7c59e19ca5849914fc8879e82011) Importer(815301076,1909f56bfc062723c751e8b465ee728b)
Start importing Assets/Bubbles/Greyscale/512x512/bubble_5_grayscale.png using Guid(b12b7c59e19ca5849914fc8879e82011) Importer(815301076,1909f56bfc062723c751e8b465ee728b) (PreviewImporter) -> (artifact id: '13ae074d8ef7173fdb8757fb46758542') in 0.0279244 seconds
Number of updated asset objects reloaded before import = 0Number of asset objects unloaded after import = 3

========================================================================
Received Import Request.
  Time since last request: 0.000035 seconds.
  path: Assets/Bubbles/Coloured/128x128/bubble_6.png
  artifactKey: Guid(2e90569eb7a534c42bd27960471da9ed) Importer(815301076,1909f56bfc062723c751e8b465ee728b)
Start importing Assets/Bubbles/Coloured/128x128/bubble_6.png using Guid(2e90569eb7a534c42bd27960471da9ed) Importer(815301076,1909f56bfc062723c751e8b465ee728b) (PreviewImporter) -> (artifact id: 'd3cd66bc040b8a439841b9b36634d7d3') in 0.022154 seconds
Number of updated asset objects reloaded before import = 0Number of asset objects unloaded after import = 3

========================================================================
Received Import Request.
  Time since last request: 0.000035 seconds.
  path: Assets/Bubbles/Greyscale/16x16/bubble_6.png
  artifactKey: Guid(e3217fead92216444a5e0fc54b54e37e) Importer(815301076,1909f56bfc062723c751e8b465ee728b)
Start importing Assets/Bubbles/Greyscale/16x16/bubble_6.png using Guid(e3217fead92216444a5e0fc54b54e37e) Importer(815301076,1909f56bfc062723c751e8b465ee728b) (PreviewImporter) -> (artifact id: '16a1a6c5af70f144f5cb0cedb119cd16') in 0.0232078 seconds
Number of updated asset objects reloaded before import = 0Number of asset objects unloaded after import = 3

========================================================================
Received Import Request.
  Time since last request: 0.000039 seconds.
  path: Assets/Bubbles/Coloured/256x256/bubble_6.png
  artifactKey: Guid(d71486665de4f4645b63fb24fd677cb2) Importer(815301076,1909f56bfc062723c751e8b465ee728b)
Start importing Assets/Bubbles/Coloured/256x256/bubble_6.png using Guid(d71486665de4f4645b63fb24fd677cb2) Importer(815301076,1909f56bfc062723c751e8b465ee728b) (PreviewImporter) -> (artifact id: 'b1275274729063816bf0ddbb18441787') in 0.022384 seconds
Number of updated asset objects reloaded before import = 0Number of asset objects unloaded after import = 3

========================================================================
Received Import Request.
  Time since last request: 0.116940 seconds.
  path: Assets/Bubbles/Greyscale/256x256/bubble_6_grayscale.png
  artifactKey: Guid(593e239bbfc1a3f408155a22c30a2e8e) Importer(815301076,1909f56bfc062723c751e8b465ee728b)
Start importing Assets/Bubbles/Greyscale/256x256/bubble_6_grayscale.png using Guid(593e239bbfc1a3f408155a22c30a2e8e) Importer(815301076,1909f56bfc062723c751e8b465ee728b) (PreviewImporter) -> (artifact id: '44582bab3644890c900b145fcb8b4922') in 0.0252736 seconds
Number of updated asset objects reloaded before import = 0Number of asset objects unloaded after import = 3

========================================================================
Received Import Request.
  Time since last request: 0.000029 seconds.
  path: Assets/Bubbles/Coloured/256x256/bubble_7.png
  artifactKey: Guid(84fbb40eb059d4b498268185ee09766a) Importer(815301076,1909f56bfc062723c751e8b465ee728b)
Start importing Assets/Bubbles/Coloured/256x256/bubble_7.png using Guid(84fbb40eb059d4b498268185ee09766a) Importer(815301076,1909f56bfc062723c751e8b465ee728b) (PreviewImporter) -> (artifact id: 'fe8f0fbf9addfebaf9ae939533a5fa0c') in 0.0243228 seconds
Number of updated asset objects reloaded before import = 0Number of asset objects unloaded after import = 3

========================================================================
Received Import Request.
  Time since last request: 0.000049 seconds.
  path: Assets/Bubbles/Greyscale/256x256/bubble_7.png
  artifactKey: Guid(b8196b3c46a47114aaaf701519029f83) Importer(815301076,1909f56bfc062723c751e8b465ee728b)
Start importing Assets/Bubbles/Greyscale/256x256/bubble_7.png using Guid(b8196b3c46a47114aaaf701519029f83) Importer(815301076,1909f56bfc062723c751e8b465ee728b) (PreviewImporter) -> (artifact id: 'cb94e7f35cbb942cf6c84891c5756909') in 0.0265698 seconds
Number of updated asset objects reloaded before import = 0Number of asset objects unloaded after import = 3

========================================================================
Received Import Request.
  Time since last request: 0.000033 seconds.
  path: Assets/Bubbles/Greyscale/512x512/bubble_7.png
  artifactKey: Guid(b98c73878cf000a4781f84074177e183) Importer(815301076,1909f56bfc062723c751e8b465ee728b)
Start importing Assets/Bubbles/Greyscale/512x512/bubble_7.png using Guid(b98c73878cf000a4781f84074177e183) Importer(815301076,1909f56bfc062723c751e8b465ee728b) (PreviewImporter) -> (artifact id: '967de437c25ec6cf154cabcc13749581') in 0.0239061 seconds
Number of updated asset objects reloaded before import = 0Number of asset objects unloaded after import = 3

========================================================================
Received Import Request.
  Time since last request: 0.118938 seconds.
  path: Assets/Bubbles/Greyscale/512x512/bubble_7_grayscale.png
  artifactKey: Guid(5b4ff1312ba6c5f40a64df1a6986e9e3) Importer(815301076,1909f56bfc062723c751e8b465ee728b)
Start importing Assets/Bubbles/Greyscale/512x512/bubble_7_grayscale.png using Guid(5b4ff1312ba6c5f40a64df1a6986e9e3) Importer(815301076,1909f56bfc062723c751e8b465ee728b) (PreviewImporter) -> (artifact id: 'bad750a68c71e4b000dfe038894ead05') in 0.0274463 seconds
Number of updated asset objects reloaded before import = 0Number of asset objects unloaded after import = 3

Editor requested this worker to shutdown with reason: Scaling down because of idle timeout
AssetImportWorker is now disconnected from the server
Process exiting
Exiting without the bug reporter. Application will terminate with return code 0