Using pre-set license
Built from '6000.0/release' branch; Version is '6000.0.29f1 (9fafe5c9db65) revision 10465253'; Using compiler version '193933523'; Build Type 'Release'
OS: 'Windows 11  (10.0.26100) 64bit CoreSingleLanguage' Language: 'en' Physical Memory: 24260 MB
BatchMode: 1, IsHumanControllingUs: 0, StartBugReporterOnCrash: 0, Is64bit: 1, IsPro: 1

COMMAND LINE ARGUMENTS:
C:\Program Files\Unity\Hub\Editor\6000.0.29f1\Editor\Unity.exe
-adb2
-batchMode
-noUpm
-name
AssetImportWorker0
-projectPath
D:/Unity Project/Bubble
-logFile
Logs/AssetImportWorker0.log
-srvPort
60158
-job-worker-count
7
-background-job-worker-count
8
-asset-garbage-collectors
1
Successfully changed project path to: D:/Unity Project/Bubble
D:/Unity Project/Bubble
[UnityMemory] Configuration Parameters - Can be set up in boot.config
    "memorysetup-bucket-allocator-granularity=16"
    "memorysetup-bucket-allocator-bucket-count=8"
    "memorysetup-bucket-allocator-block-size=33554432"
    "memorysetup-bucket-allocator-block-count=8"
    "memorysetup-main-allocator-block-size=16777216"
    "memorysetup-thread-allocator-block-size=16777216"
    "memorysetup-gfx-main-allocator-block-size=16777216"
    "memorysetup-gfx-thread-allocator-block-size=16777216"
    "memorysetup-cache-allocator-block-size=4194304"
    "memorysetup-typetree-allocator-block-size=2097152"
    "memorysetup-profiler-bucket-allocator-granularity=16"
    "memorysetup-profiler-bucket-allocator-bucket-count=8"
    "memorysetup-profiler-bucket-allocator-block-size=33554432"
    "memorysetup-profiler-bucket-allocator-block-count=8"
    "memorysetup-profiler-allocator-block-size=16777216"
    "memorysetup-profiler-editor-allocator-block-size=1048576"
    "memorysetup-temp-allocator-size-main=16777216"
    "memorysetup-job-temp-allocator-block-size=2097152"
    "memorysetup-job-temp-allocator-block-size-background=1048576"
    "memorysetup-job-temp-allocator-reduction-small-platforms=262144"
    "memorysetup-allocator-temp-initial-block-size-main=262144"
    "memorysetup-allocator-temp-initial-block-size-worker=262144"
    "memorysetup-temp-allocator-size-background-worker=32768"
    "memorysetup-temp-allocator-size-job-worker=262144"
    "memorysetup-temp-allocator-size-preload-manager=33554432"
    "memorysetup-temp-allocator-size-nav-mesh-worker=65536"
    "memorysetup-temp-allocator-size-audio-worker=65536"
    "memorysetup-temp-allocator-size-cloud-worker=32768"
    "memorysetup-temp-allocator-size-gi-baking-worker=262144"
    "memorysetup-temp-allocator-size-gi-baking-worker=262144"
    "memorysetup-temp-allocator-size-gi-baking-worker=262144"
    "memorysetup-temp-allocator-size-gi-baking-worker=262144"
    "memorysetup-temp-allocator-size-gi-baking-worker=262144"
    "memorysetup-temp-allocator-size-gfx=262144"
Player connection [4452]  Target information:

Player connection [4452]  * "[IP] 192.168.49.1 [Port] 0 [Flags] 2 [Guid] 698154222 [EditorId] 698154222 [Version] 1048832 [Id] WindowsEditor(7,LAPTOP-G4O369HV) [Debug] 1 [PackageName] WindowsEditor [ProjectName] Editor" 

Player connection [4452]  * "[IP] 192.168.32.1 [Port] 0 [Flags] 2 [Guid] 698154222 [EditorId] 698154222 [Version] 1048832 [Id] WindowsEditor(7,LAPTOP-G4O369HV) [Debug] 1 [PackageName] WindowsEditor [ProjectName] Editor" 

Player connection [4452]  * "[IP] 192.168.1.10 [Port] 0 [Flags] 2 [Guid] 698154222 [EditorId] 698154222 [Version] 1048832 [Id] WindowsEditor(7,LAPTOP-G4O369HV) [Debug] 1 [PackageName] WindowsEditor [ProjectName] Editor" 

Player connection [4452] Host joined multi-casting on [225.0.0.222:54997]...
Player connection [4452] Host joined alternative multi-casting on [225.0.0.222:34997]...
JobSystem: Creating JobQueue using job-worker-count value 7
[Physics::Module] Initialized fallback backend.
[Physics::Module] Id: 0xdecafbad
Library Redirect Path: Library/
[Physics::Module] Selected backend.
[Physics::Module] Name: PhysX
[Physics::Module] Id: 0xf2b8ea05
[Physics::Module] SDK Version: 4.1.2
[Physics::Module] Integration Version: 1.0.0
[Physics::Module] Threading Mode: Multi-Threaded
Refreshing native plugins compatible for Editor in 3.44 ms, found 4 plugins.
Preloading 0 native plugins for Editor in 0.00 ms.
Initialize engine version: 6000.0.29f1 (9fafe5c9db65)
[Subsystems] Discovering subsystems at path C:/Program Files/Unity/Hub/Editor/6000.0.29f1/Editor/Data/Resources/UnitySubsystems
[Subsystems] Discovering subsystems at path D:/Unity Project/Bubble/Assets
GfxDevice: creating device client; kGfxThreadingModeNonThreaded
Direct3D:
    Version:  Direct3D 11.0 [level 11.1]
    Renderer: NVIDIA GeForce RTX 4060 Laptop GPU (ID=0x28e0)
    Vendor:   NVIDIA
    VRAM:     7957 MB
    Driver:   32.0.15.6103
Initialize mono
Mono path[0] = 'C:/Program Files/Unity/Hub/Editor/6000.0.29f1/Editor/Data/Managed'
Mono path[1] = 'C:/Program Files/Unity/Hub/Editor/6000.0.29f1/Editor/Data/MonoBleedingEdge/lib/mono/unityjit-win32'
Mono config path = 'C:/Program Files/Unity/Hub/Editor/6000.0.29f1/Editor/Data/MonoBleedingEdge/etc'
Using monoOptions --debugger-agent=transport=dt_socket,embedding=1,server=y,suspend=n,address=127.0.0.1:56152
Begin MonoManager ReloadAssembly
Registering precompiled unity dll's ...
Register platform support module: C:/Program Files/Unity/Hub/Editor/6000.0.29f1/Editor/Data/PlaybackEngines/WindowsStandaloneSupport/UnityEditor.WindowsStandalone.Extensions.dll
Register platform support module: C:/Program Files/Unity/Hub/Editor/6000.0.29f1/Editor/Data/PlaybackEngines/AndroidPlayer/UnityEditor.Android.Extensions.dll
Register platform support module: C:/Program Files/Unity/Hub/Editor/6000.0.29f1/Editor/Data/PlaybackEngines/iOSSupport/UnityEditor.iOS.Extensions.dll
Registered in 0.009102 seconds.
- Loaded All Assemblies, in  0.594 seconds
[usbmuxd] Start listen thread
[usbmuxd] Listen thread started
Native extension for iOS target not found
Native extension for Android target not found
Android Extension - Scanning For ADB Devices 385 ms
Native extension for WindowsStandalone target not found
Mono: successfully reloaded assembly
- Finished resetting the current domain, in  0.990 seconds
Domain Reload Profiling: 1579ms
	BeginReloadAssembly (198ms)
		ExecutionOrderSort (0ms)
		DisableScriptedObjects (0ms)
		BackupInstance (0ms)
		ReleaseScriptingObjects (0ms)
		CreateAndSetChildDomain (1ms)
	RebuildCommonClasses (56ms)
	RebuildNativeTypeToScriptingClass (16ms)
	initialDomainReloadingComplete (81ms)
	LoadAllAssembliesAndSetupDomain (238ms)
		LoadAssemblies (194ms)
		RebuildTransferFunctionScriptingTraits (0ms)
		AnalyzeDomain (233ms)
			TypeCache.Refresh (231ms)
				TypeCache.ScanAssembly (214ms)
			BuildScriptInfoCaches (0ms)
			ResolveRequiredComponents (1ms)
	FinalizeReload (991ms)
		ReleaseScriptCaches (0ms)
		RebuildScriptCaches (0ms)
		SetupLoadedEditorAssemblies (924ms)
			LogAssemblyErrors (0ms)
			InitializePlatformSupportModulesInManaged (549ms)
			SetLoadedEditorAssemblies (6ms)
			BeforeProcessingInitializeOnLoad (11ms)
			ProcessInitializeOnLoadAttributes (243ms)
			ProcessInitializeOnLoadMethodAttributes (110ms)
			AfterProcessingInitializeOnLoad (3ms)
			EditorAssembliesLoaded (0ms)
		ExecutionOrderSort2 (0ms)
		AwakeInstancesAfterBackupRestoration (0ms)
========================================================================
Worker process is ready to serve import requests
Import Worker Mode flag is 0x00
Begin MonoManager ReloadAssembly
- Loaded All Assemblies, in  1.160 seconds
Refreshing native plugins compatible for Editor in 2.29 ms, found 4 plugins.
Native extension for iOS target not found
Native extension for Android target not found
Native extension for WindowsStandalone target not found
Mono: successfully reloaded assembly
- Finished resetting the current domain, in  1.201 seconds
Domain Reload Profiling: 2354ms
	BeginReloadAssembly (245ms)
		ExecutionOrderSort (0ms)
		DisableScriptedObjects (7ms)
		BackupInstance (0ms)
		ReleaseScriptingObjects (0ms)
		CreateAndSetChildDomain (43ms)
	RebuildCommonClasses (51ms)
	RebuildNativeTypeToScriptingClass (18ms)
	initialDomainReloadingComplete (63ms)
	LoadAllAssembliesAndSetupDomain (776ms)
		LoadAssemblies (510ms)
		RebuildTransferFunctionScriptingTraits (0ms)
		AnalyzeDomain (415ms)
			TypeCache.Refresh (299ms)
				TypeCache.ScanAssembly (275ms)
			BuildScriptInfoCaches (95ms)
			ResolveRequiredComponents (18ms)
	FinalizeReload (1202ms)
		ReleaseScriptCaches (0ms)
		RebuildScriptCaches (0ms)
		SetupLoadedEditorAssemblies (992ms)
			LogAssemblyErrors (0ms)
			InitializePlatformSupportModulesInManaged (22ms)
			SetLoadedEditorAssemblies (6ms)
			BeforeProcessingInitializeOnLoad (119ms)
			ProcessInitializeOnLoadAttributes (691ms)
			ProcessInitializeOnLoadMethodAttributes (141ms)
			AfterProcessingInitializeOnLoad (12ms)
			EditorAssembliesLoaded (0ms)
		ExecutionOrderSort2 (0ms)
		AwakeInstancesAfterBackupRestoration (11ms)
Launched and connected shader compiler UnityShaderCompiler.exe after 0.02 seconds
Refreshing native plugins compatible for Editor in 1.62 ms, found 4 plugins.
Preloading 0 native plugins for Editor in 0.00 ms.
Unloading 219 Unused Serialized files (Serialized files now loaded: 0)
Unloading 6664 unused Assets / (4.6 MB). Loaded Objects now: 7360.
Memory consumption went from 182.3 MB to 177.7 MB.
Total: 10.589500 ms (FindLiveObjects: 0.906200 ms CreateObjectMapping: 0.723400 ms MarkObjects: 5.872000 ms  DeleteObjects: 3.086000 ms)

========================================================================
Received Prepare
Begin MonoManager ReloadAssembly
- Loaded All Assemblies, in  1.031 seconds
Refreshing native plugins compatible for Editor in 1.40 ms, found 4 plugins.
Native extension for iOS target not found
Native extension for Android target not found
Native extension for WindowsStandalone target not found
Mono: successfully reloaded assembly
- Finished resetting the current domain, in  1.382 seconds
Domain Reload Profiling: 2411ms
	BeginReloadAssembly (285ms)
		ExecutionOrderSort (0ms)
		DisableScriptedObjects (19ms)
		BackupInstance (0ms)
		ReleaseScriptingObjects (0ms)
		CreateAndSetChildDomain (77ms)
	RebuildCommonClasses (43ms)
	RebuildNativeTypeToScriptingClass (14ms)
	initialDomainReloadingComplete (33ms)
	LoadAllAssembliesAndSetupDomain (652ms)
		LoadAssemblies (463ms)
		RebuildTransferFunctionScriptingTraits (0ms)
		AnalyzeDomain (327ms)
			TypeCache.Refresh (9ms)
				TypeCache.ScanAssembly (0ms)
			BuildScriptInfoCaches (301ms)
			ResolveRequiredComponents (12ms)
	FinalizeReload (1383ms)
		ReleaseScriptCaches (0ms)
		RebuildScriptCaches (0ms)
		SetupLoadedEditorAssemblies (1066ms)
			LogAssemblyErrors (0ms)
			InitializePlatformSupportModulesInManaged (27ms)
			SetLoadedEditorAssemblies (12ms)
			BeforeProcessingInitializeOnLoad (118ms)
			ProcessInitializeOnLoadAttributes (799ms)
			ProcessInitializeOnLoadMethodAttributes (94ms)
			AfterProcessingInitializeOnLoad (17ms)
			EditorAssembliesLoaded (0ms)
		ExecutionOrderSort2 (0ms)
		AwakeInstancesAfterBackupRestoration (21ms)
Refreshing native plugins compatible for Editor in 2.48 ms, found 4 plugins.
Preloading 0 native plugins for Editor in 0.00 ms.
Unloading 13 Unused Serialized files (Serialized files now loaded: 0)
Unloading 6662 unused Assets / (4.2 MB). Loaded Objects now: 7363.
Memory consumption went from 149.3 MB to 145.0 MB.
Total: 12.310500 ms (FindLiveObjects: 0.915300 ms CreateObjectMapping: 0.909200 ms MarkObjects: 6.818500 ms  DeleteObjects: 3.665800 ms)

Prepare: number of updated asset objects reloaded= 0
========================================================================
Received Prepare
Refreshing native plugins compatible for Editor in 2.57 ms, found 4 plugins.
Preloading 0 native plugins for Editor in 0.00 ms.
Unloading 13 Unused Serialized files (Serialized files now loaded: 0)
Unloading 6652 unused Assets / (4.8 MB). Loaded Objects now: 7364.
Memory consumption went from 149.4 MB to 144.6 MB.
Total: 14.310600 ms (FindLiveObjects: 1.260300 ms CreateObjectMapping: 1.564600 ms MarkObjects: 7.191800 ms  DeleteObjects: 4.291900 ms)

Prepare: number of updated asset objects reloaded= 0
========================================================================
Received Import Request.
  Time since last request: 68476.242870 seconds.
  path: Assets/Alphabets_Pack
  artifactKey: Guid(e04787e7f5fee074f9c3000ef223329c) Importer(815301076,1909f56bfc062723c751e8b465ee728b)
Start importing Assets/Alphabets_Pack using Guid(e04787e7f5fee074f9c3000ef223329c) Importer(815301076,1909f56bfc062723c751e8b465ee728b) (PreviewImporter) -> (artifact id: '3e7ac0f98326d544170a1f9edcb02034') in 0.0190798 seconds
Number of updated asset objects reloaded before import = 0Number of asset objects unloaded after import = 0

========================================================================
Received Import Request.
  Time since last request: 0.900704 seconds.
  path: Assets/Alphabets_Pack/Alphabets_Pack
  artifactKey: Guid(52d60e091d673794889ee9776fec9069) Importer(815301076,1909f56bfc062723c751e8b465ee728b)
Start importing Assets/Alphabets_Pack/Alphabets_Pack using Guid(52d60e091d673794889ee9776fec9069) Importer(815301076,1909f56bfc062723c751e8b465ee728b) (PreviewImporter) -> (artifact id: '780df2772abc84d0bc7d7682f59d79b4') in 0.0007059 seconds
Number of updated asset objects reloaded before import = 0Number of asset objects unloaded after import = 0

========================================================================
Received Import Request.
  Time since last request: 1.545451 seconds.
  path: Assets/Alphabets_Pack/Alphabets_Pack/Alphabets
  artifactKey: Guid(9c284c11b84508c4ba455f14dd0b37ec) Importer(815301076,1909f56bfc062723c751e8b465ee728b)
Start importing Assets/Alphabets_Pack/Alphabets_Pack/Alphabets using Guid(9c284c11b84508c4ba455f14dd0b37ec) Importer(815301076,1909f56bfc062723c751e8b465ee728b) (PreviewImporter) -> (artifact id: '59970372d6d2e361fab1a9e50599e88a') in 0.0006217 seconds
Number of updated asset objects reloaded before import = 0Number of asset objects unloaded after import = 0

========================================================================
Received Import Request.
  Time since last request: 1.846000 seconds.
  path: Assets/Alphabets_Pack/Alphabets_Pack/Alphabets/Gold_Color
  artifactKey: Guid(77ea0666d26464f4fa8d987a53f10fad) Importer(815301076,1909f56bfc062723c751e8b465ee728b)
Start importing Assets/Alphabets_Pack/Alphabets_Pack/Alphabets/Gold_Color using Guid(77ea0666d26464f4fa8d987a53f10fad) Importer(815301076,1909f56bfc062723c751e8b465ee728b) (PreviewImporter) -> (artifact id: '7d19626f029fbc0ce7c12fb144e9f108') in 0.0008478 seconds
Number of updated asset objects reloaded before import = 0Number of asset objects unloaded after import = 0

========================================================================
Received Import Request.
  Time since last request: 0.145027 seconds.
  path: Assets/Alphabets_Pack/Alphabets_Pack/Alphabets/Gold_Color/A.png
  artifactKey: Guid(1a21e47b27d305a44a67f664b56762e3) Importer(815301076,1909f56bfc062723c751e8b465ee728b)
Start importing Assets/Alphabets_Pack/Alphabets_Pack/Alphabets/Gold_Color/A.png using Guid(1a21e47b27d305a44a67f664b56762e3) Importer(815301076,1909f56bfc062723c751e8b465ee728b) (PreviewImporter) -> (artifact id: '00c250f18cf0af577c0e28b0269ca2b7') in 0.204805 seconds
Number of updated asset objects reloaded before import = 0Number of asset objects unloaded after import = 3

========================================================================
Received Import Request.
  Time since last request: 0.000047 seconds.
  path: Assets/Alphabets_Pack/Alphabets_Pack/Alphabets/Gold_Color/J.png
  artifactKey: Guid(935c5f96ccf0b61469dc138f1cb9c4c9) Importer(815301076,1909f56bfc062723c751e8b465ee728b)
Start importing Assets/Alphabets_Pack/Alphabets_Pack/Alphabets/Gold_Color/J.png using Guid(935c5f96ccf0b61469dc138f1cb9c4c9) Importer(815301076,1909f56bfc062723c751e8b465ee728b) (PreviewImporter) -> (artifact id: '5446c7873b8a1916df117631311b14e2') in 0.0281048 seconds
Number of updated asset objects reloaded before import = 0Number of asset objects unloaded after import = 3

========================================================================
Received Import Request.
  Time since last request: 0.000039 seconds.
  path: Assets/Alphabets_Pack/Alphabets_Pack/Alphabets/Gold_Color/P.png
  artifactKey: Guid(bf9c532ad19448846b6d40b9ad94e19f) Importer(815301076,1909f56bfc062723c751e8b465ee728b)
Start importing Assets/Alphabets_Pack/Alphabets_Pack/Alphabets/Gold_Color/P.png using Guid(bf9c532ad19448846b6d40b9ad94e19f) Importer(815301076,1909f56bfc062723c751e8b465ee728b) (PreviewImporter) -> (artifact id: 'b1216feba270fc18b158f270bb1ea70f') in 0.0299429 seconds
Number of updated asset objects reloaded before import = 0Number of asset objects unloaded after import = 3

========================================================================
Received Import Request.
  Time since last request: 0.000022 seconds.
  path: Assets/Alphabets_Pack/Alphabets_Pack/Alphabets/Gold_Color/T.png
  artifactKey: Guid(b35c7d43191242f45b8a42cead4a35fd) Importer(815301076,1909f56bfc062723c751e8b465ee728b)
Start importing Assets/Alphabets_Pack/Alphabets_Pack/Alphabets/Gold_Color/T.png using Guid(b35c7d43191242f45b8a42cead4a35fd) Importer(815301076,1909f56bfc062723c751e8b465ee728b) (PreviewImporter) -> (artifact id: 'e489a25501a4de8b5b7b54daa66136bd') in 0.0279399 seconds
Number of updated asset objects reloaded before import = 0Number of asset objects unloaded after import = 3

========================================================================
Received Import Request.
  Time since last request: 0.000023 seconds.
  path: Assets/Alphabets_Pack/Alphabets_Pack/Alphabets/Gold_Color/G.png
  artifactKey: Guid(d5203c0fd30212e4c96c2ea9fb008259) Importer(815301076,1909f56bfc062723c751e8b465ee728b)
Start importing Assets/Alphabets_Pack/Alphabets_Pack/Alphabets/Gold_Color/G.png using Guid(d5203c0fd30212e4c96c2ea9fb008259) Importer(815301076,1909f56bfc062723c751e8b465ee728b) (PreviewImporter) -> (artifact id: 'd8c1de7d85be4597c3cb5324d6eb07a2') in 0.0248461 seconds
Number of updated asset objects reloaded before import = 0Number of asset objects unloaded after import = 3

========================================================================
Received Import Request.
  Time since last request: 0.000022 seconds.
  path: Assets/Alphabets_Pack/Alphabets_Pack/Alphabets/Gold_Color/K.png
  artifactKey: Guid(792af24f998583e4297ad7817043c60c) Importer(815301076,1909f56bfc062723c751e8b465ee728b)
Start importing Assets/Alphabets_Pack/Alphabets_Pack/Alphabets/Gold_Color/K.png using Guid(792af24f998583e4297ad7817043c60c) Importer(815301076,1909f56bfc062723c751e8b465ee728b) (PreviewImporter) -> (artifact id: '2c4e56805d53fc577b088b7902c69d8e') in 0.030051 seconds
Number of updated asset objects reloaded before import = 0Number of asset objects unloaded after import = 3

========================================================================
Received Import Request.
  Time since last request: 0.000026 seconds.
  path: Assets/Alphabets_Pack/Alphabets_Pack/Alphabets/Gold_Color/F.png
  artifactKey: Guid(3b647131b5cf77b49a2cecc5b2ab433a) Importer(815301076,1909f56bfc062723c751e8b465ee728b)
Start importing Assets/Alphabets_Pack/Alphabets_Pack/Alphabets/Gold_Color/F.png using Guid(3b647131b5cf77b49a2cecc5b2ab433a) Importer(815301076,1909f56bfc062723c751e8b465ee728b) (PreviewImporter) -> (artifact id: '2117403f1cc392aa921be4f5a2c6961f') in 0.0302416 seconds
Number of updated asset objects reloaded before import = 0Number of asset objects unloaded after import = 3

========================================================================
Received Import Request.
  Time since last request: 0.000048 seconds.
  path: Assets/Alphabets_Pack/Alphabets_Pack/Alphabets/Gold_Color/U.png
  artifactKey: Guid(167c1f0922596a947add243a173be258) Importer(815301076,1909f56bfc062723c751e8b465ee728b)
Start importing Assets/Alphabets_Pack/Alphabets_Pack/Alphabets/Gold_Color/U.png using Guid(167c1f0922596a947add243a173be258) Importer(815301076,1909f56bfc062723c751e8b465ee728b) (PreviewImporter) -> (artifact id: 'a5e1d4a57ecf1240ef243e061e23bb42') in 0.0214429 seconds
Number of updated asset objects reloaded before import = 0Number of asset objects unloaded after import = 3

========================================================================
Received Import Request.
  Time since last request: 0.000026 seconds.
  path: Assets/Alphabets_Pack/Alphabets_Pack/Alphabets/Gold_Color/D.png
  artifactKey: Guid(e1b5bb3ff13997e4c853b7443dc45e97) Importer(815301076,1909f56bfc062723c751e8b465ee728b)
Start importing Assets/Alphabets_Pack/Alphabets_Pack/Alphabets/Gold_Color/D.png using Guid(e1b5bb3ff13997e4c853b7443dc45e97) Importer(815301076,1909f56bfc062723c751e8b465ee728b) (PreviewImporter) -> (artifact id: 'c7fdb3951bb2b7e11187168b632757f5') in 0.0262982 seconds
Number of updated asset objects reloaded before import = 0Number of asset objects unloaded after import = 3

========================================================================
Received Import Request.
  Time since last request: 0.000021 seconds.
  path: Assets/Alphabets_Pack/Alphabets_Pack/Alphabets/Gold_Color/M.png
  artifactKey: Guid(d7df8de32abec754b8babd7c3c24e5f6) Importer(815301076,1909f56bfc062723c751e8b465ee728b)
Start importing Assets/Alphabets_Pack/Alphabets_Pack/Alphabets/Gold_Color/M.png using Guid(d7df8de32abec754b8babd7c3c24e5f6) Importer(815301076,1909f56bfc062723c751e8b465ee728b) (PreviewImporter) -> (artifact id: '9dd2227c00b2873f653f4aefb7c265bd') in 0.0231329 seconds
Number of updated asset objects reloaded before import = 0Number of asset objects unloaded after import = 3

========================================================================
Received Import Request.
  Time since last request: 0.770500 seconds.
  path: Assets/Alphabets_Pack/Alphabets_Pack/Alphabets/Gold_Color/V.png
  artifactKey: Guid(7e6e5a243f52b2e45b186e71faa9ac5f) Importer(815301076,1909f56bfc062723c751e8b465ee728b)
Start importing Assets/Alphabets_Pack/Alphabets_Pack/Alphabets/Gold_Color/V.png using Guid(7e6e5a243f52b2e45b186e71faa9ac5f) Importer(815301076,1909f56bfc062723c751e8b465ee728b) (PreviewImporter) -> (artifact id: '6b3ed4e0a963b4da544288a57493cd44') in 0.0222273 seconds
Number of updated asset objects reloaded before import = 0Number of asset objects unloaded after import = 3

========================================================================
Received Import Request.
  Time since last request: 0.000026 seconds.
  path: Assets/Alphabets_Pack/Alphabets_Pack/Alphabets/Gold_Color/Z.png
  artifactKey: Guid(bafdf012b71784f498d420d47d37e870) Importer(815301076,1909f56bfc062723c751e8b465ee728b)
Start importing Assets/Alphabets_Pack/Alphabets_Pack/Alphabets/Gold_Color/Z.png using Guid(bafdf012b71784f498d420d47d37e870) Importer(815301076,1909f56bfc062723c751e8b465ee728b) (PreviewImporter) -> (artifact id: '24e9189fa81540ded691ea5692e96e0a') in 0.0229647 seconds
Number of updated asset objects reloaded before import = 0Number of asset objects unloaded after import = 3

========================================================================
Received Import Request.
  Time since last request: 0.000025 seconds.
  path: Assets/Alphabets_Pack/Alphabets_Pack/Alphabets/Gold_Color/X.png
  artifactKey: Guid(b47633c7165dc92418e754b7ec1298f5) Importer(815301076,1909f56bfc062723c751e8b465ee728b)
Start importing Assets/Alphabets_Pack/Alphabets_Pack/Alphabets/Gold_Color/X.png using Guid(b47633c7165dc92418e754b7ec1298f5) Importer(815301076,1909f56bfc062723c751e8b465ee728b) (PreviewImporter) -> (artifact id: 'fee1e9994e5033d55aec1d4074cd2440') in 0.022943 seconds
Number of updated asset objects reloaded before import = 0Number of asset objects unloaded after import = 3

========================================================================
Received Import Request.
  Time since last request: 5.891871 seconds.
  path: Assets/Alphabets_Pack/Alphabets_Pack/Combined/Gold_Color/B.png
  artifactKey: Guid(2a2a7e7a68ff46749851dfd76b98ee10) Importer(815301076,1909f56bfc062723c751e8b465ee728b)
Start importing Assets/Alphabets_Pack/Alphabets_Pack/Combined/Gold_Color/B.png using Guid(2a2a7e7a68ff46749851dfd76b98ee10) Importer(815301076,1909f56bfc062723c751e8b465ee728b) (PreviewImporter) -> (artifact id: 'c9d2170d9f861c0d3ffd9f1d9288df49') in 0.0360196 seconds
Number of updated asset objects reloaded before import = 0Number of asset objects unloaded after import = 3

========================================================================
Received Import Request.
  Time since last request: 0.000027 seconds.
  path: Assets/Alphabets_Pack/Alphabets_Pack/Combined/Gold_Color/H.png
  artifactKey: Guid(b32408c0990dd1c42a3cb9c40334bb33) Importer(815301076,1909f56bfc062723c751e8b465ee728b)
Start importing Assets/Alphabets_Pack/Alphabets_Pack/Combined/Gold_Color/H.png using Guid(b32408c0990dd1c42a3cb9c40334bb33) Importer(815301076,1909f56bfc062723c751e8b465ee728b) (PreviewImporter) -> (artifact id: 'ac5bad0632ea376af40b485dedef9fd2') in 0.0311509 seconds
Number of updated asset objects reloaded before import = 0Number of asset objects unloaded after import = 3

========================================================================
Received Import Request.
  Time since last request: 0.000032 seconds.
  path: Assets/Alphabets_Pack/Alphabets_Pack/Combined/Gold_Color/P.png
  artifactKey: Guid(3f7a73a0648d3cc48893ace7ef00e39a) Importer(815301076,1909f56bfc062723c751e8b465ee728b)
Start importing Assets/Alphabets_Pack/Alphabets_Pack/Combined/Gold_Color/P.png using Guid(3f7a73a0648d3cc48893ace7ef00e39a) Importer(815301076,1909f56bfc062723c751e8b465ee728b) (PreviewImporter) -> (artifact id: '4d2ea6388e617fc3adb9006ad401575e') in 0.0332821 seconds
Number of updated asset objects reloaded before import = 0Number of asset objects unloaded after import = 3

========================================================================
Received Import Request.
  Time since last request: 0.000025 seconds.
  path: Assets/Alphabets_Pack/Alphabets_Pack/Combined/Gold_Color/G.png
  artifactKey: Guid(984c552e2e4828f42b14a436530a76fc) Importer(815301076,1909f56bfc062723c751e8b465ee728b)
Start importing Assets/Alphabets_Pack/Alphabets_Pack/Combined/Gold_Color/G.png using Guid(984c552e2e4828f42b14a436530a76fc) Importer(815301076,1909f56bfc062723c751e8b465ee728b) (PreviewImporter) -> (artifact id: '28eb556776151b54cd3946fcd1411c32') in 0.034416 seconds
Number of updated asset objects reloaded before import = 0Number of asset objects unloaded after import = 3

========================================================================
Received Import Request.
  Time since last request: 0.000026 seconds.
  path: Assets/Alphabets_Pack/Alphabets_Pack/Combined/Gold_Color/L.png
  artifactKey: Guid(60122e227e25b8c439ccd24e1fa82054) Importer(815301076,1909f56bfc062723c751e8b465ee728b)
Start importing Assets/Alphabets_Pack/Alphabets_Pack/Combined/Gold_Color/L.png using Guid(60122e227e25b8c439ccd24e1fa82054) Importer(815301076,1909f56bfc062723c751e8b465ee728b) (PreviewImporter) -> (artifact id: '0603bd7cb319771c72240b6314aa1800') in 0.0268664 seconds
Number of updated asset objects reloaded before import = 0Number of asset objects unloaded after import = 3

========================================================================
Received Import Request.
  Time since last request: 0.000025 seconds.
  path: Assets/Alphabets_Pack/Alphabets_Pack/Combined/Gold_Color/T.png
  artifactKey: Guid(d2e80c7b9710e4848af10e77008e7984) Importer(815301076,1909f56bfc062723c751e8b465ee728b)
Start importing Assets/Alphabets_Pack/Alphabets_Pack/Combined/Gold_Color/T.png using Guid(d2e80c7b9710e4848af10e77008e7984) Importer(815301076,1909f56bfc062723c751e8b465ee728b) (PreviewImporter) -> (artifact id: 'a3027a12dbd039d9ae87ee334284a8e5') in 0.0291913 seconds
Number of updated asset objects reloaded before import = 0Number of asset objects unloaded after import = 3

Editor requested this worker to shutdown with reason: Scaling down because of idle timeout
AssetImportWorker is now disconnected from the server
Process exiting
Exiting without the bug reporter. Application will terminate with return code 0